[2018-10-15 12:07:23.436] [exthost] [info] extension host started
[2018-10-15 12:07:23.451] [exthost] [info] ExtensionService#_doActivateExtension vscode.debug-auto-launch {"startup":true,"activationEvent":"*"}
[2018-10-15 12:07:23.451] [exthost] [info] ExtensionService#loadCommonJSModule /snap/vscode/63/usr/share/code/resources/app/extensions/debug-auto-launch/dist/extension
[2018-10-15 12:07:23.455] [exthost] [info] ExtensionService#_doActivateExtension vscode.emmet {"startup":true,"activationEvent":"*"}
[2018-10-15 12:07:23.455] [exthost] [info] ExtensionService#loadCommonJSModule /snap/vscode/63/usr/share/code/resources/app/extensions/emmet/dist/extension
[2018-10-15 12:07:23.482] [exthost] [info] ExtensionService#_doActivateExtension vscode.git {"startup":true,"activationEvent":"*"}
[2018-10-15 12:07:23.482] [exthost] [info] ExtensionService#loadCommonJSModule /snap/vscode/63/usr/share/code/resources/app/extensions/git/dist/main
[2018-10-15 12:07:23.580] [exthost] [info] ExtensionService#_doActivateExtension vscode.merge-conflict {"startup":true,"activationEvent":"*"}
[2018-10-15 12:07:23.580] [exthost] [info] ExtensionService#loadCommonJSModule /snap/vscode/63/usr/share/code/resources/app/extensions/merge-conflict/dist/extension
[2018-10-15 12:07:23.585] [exthost] [info] ExtensionService#_doActivateExtension vscode.search-rg {"startup":true,"activationEvent":"*"}
[2018-10-15 12:07:23.585] [exthost] [info] ExtensionService#loadCommonJSModule /snap/vscode/63/usr/share/code/resources/app/extensions/search-rg/dist/extension
[2018-10-15 12:07:23.589] [exthost] [info] eager extensions activated
[2018-10-15 12:10:12.702] [exthost] [info] extension host started
[2018-10-15 12:10:12.715] [exthost] [info] ExtensionService#_doActivateExtension vscode.debug-auto-launch {"startup":true,"activationEvent":"*"}
[2018-10-15 12:10:12.715] [exthost] [info] ExtensionService#loadCommonJSModule /snap/vscode/63/usr/share/code/resources/app/extensions/debug-auto-launch/dist/extension
[2018-10-15 12:10:12.719] [exthost] [info] ExtensionService#_doActivateExtension vscode.emmet {"startup":true,"activationEvent":"*"}
[2018-10-15 12:10:12.719] [exthost] [info] ExtensionService#loadCommonJSModule /snap/vscode/63/usr/share/code/resources/app/extensions/emmet/dist/extension
[2018-10-15 12:10:12.741] [exthost] [info] ExtensionService#_doActivateExtension vscode.git {"startup":true,"activationEvent":"*"}
[2018-10-15 12:10:12.741] [exthost] [info] ExtensionService#loadCommonJSModule /snap/vscode/63/usr/share/code/resources/app/extensions/git/dist/main
[2018-10-15 12:10:12.821] [exthost] [info] ExtensionService#_doActivateExtension vscode.merge-conflict {"startup":true,"activationEvent":"*"}
[2018-10-15 12:10:12.821] [exthost] [info] ExtensionService#loadCommonJSModule /snap/vscode/63/usr/share/code/resources/app/extensions/merge-conflict/dist/extension
[2018-10-15 12:10:12.825] [exthost] [info] ExtensionService#_doActivateExtension vscode.search-rg {"startup":true,"activationEvent":"*"}
[2018-10-15 12:10:12.825] [exthost] [info] ExtensionService#loadCommonJSModule /snap/vscode/63/usr/share/code/resources/app/extensions/search-rg/dist/extension
[2018-10-15 12:10:12.828] [exthost] [info] eager extensions activated
[2018-10-15 12:10:46.935] [exthost] [info] ExtensionService#_doActivateExtension vscode.html-language-features {"startup":false,"activationEvent":"onLanguage:html"}
[2018-10-15 12:10:46.935] [exthost] [info] ExtensionService#loadCommonJSModule /snap/vscode/63/usr/share/code/resources/app/extensions/html-language-features/client/dist/htmlMain
