[2018-10-09 12:13:53.921] [sharedprocess] [info] main {"machineId":"5e94eafa09ca50f82917a904a8b65afc7c95aea7e6f2d88604c605a25b93c786"}
[2018-10-09 12:13:53.954] [sharedprocess] [info] Scanned user extensions: 0
[2018-10-09 12:13:53.961] [sharedprocess] [info] Scanned user extensions: 0
[2018-10-09 12:13:53.965] [sharedprocess] [info] Scanned user extensions: 0
[2018-10-09 12:13:53.966] [sharedprocess] [info] Scanned user extensions: 0
[2018-10-09 12:13:53.971] [sharedprocess] [info] Scanned user extensions: 0
[2018-10-09 12:13:53.973] [sharedprocess] [info] Scanned user extensions: 0
[2018-10-09 12:13:53.979] [sharedprocess] [info] Scanned user extensions: 0
[2018-10-09 12:13:53.981] [sharedprocess] [info] Scanned user extensions: 0
[2018-10-09 12:13:53.985] [sharedprocess] [info] Scanned user extensions: 0
[2018-10-09 12:13:54.001] [sharedprocess] [info] Scanned system extensions: 71
[2018-10-09 12:13:54.005] [sharedprocess] [info] Scanned system extensions: 71
[2018-10-09 12:13:54.006] [sharedprocess] [info] Scanned system extensions: 71
[2018-10-09 12:14:33.923] [sharedprocess] [info] Starting to clean up unused language packs.
[2018-10-09 12:18:53.999] [sharedprocess] [info] Scanned user extensions: 0
[2018-10-09 12:23:54.010] [sharedprocess] [info] Scanned user extensions: 0
[2018-10-09 12:28:54.014] [sharedprocess] [info] Scanned user extensions: 0
[2018-10-09 12:33:54.019] [sharedprocess] [info] Scanned user extensions: 0
[2018-10-09 12:38:54.025] [sharedprocess] [info] Scanned user extensions: 0
[2018-10-09 12:43:54.032] [sharedprocess] [info] Scanned user extensions: 0
[2018-10-09 12:48:54.040] [sharedprocess] [info] Scanned user extensions: 0
[2018-10-09 12:53:54.044] [sharedprocess] [info] Scanned user extensions: 0
[2018-10-09 12:58:54.051] [sharedprocess] [info] Scanned user extensions: 0
[2018-10-09 13:03:54.060] [sharedprocess] [info] Scanned user extensions: 0
[2018-10-09 13:08:54.064] [sharedprocess] [info] Scanned user extensions: 0
[2018-10-09 13:13:54.209] [sharedprocess] [info] Scanned user extensions: 0
[2018-10-09 13:18:54.215] [sharedprocess] [info] Scanned user extensions: 0
[2018-10-09 13:23:26.279] [sharedprocess] [info] Scanned user extensions: 0
[2018-10-09 13:23:26.280] [sharedprocess] [info] Scanned user extensions: 0
[2018-10-09 13:23:26.304] [sharedprocess] [info] Scanned system extensions: 71
[2018-10-09 13:23:26.390] [sharedprocess] [info] Scanned user extensions: 0
[2018-10-09 13:23:26.393] [sharedprocess] [info] Scanned user extensions: 0
[2018-10-09 13:23:26.394] [sharedprocess] [info] Scanned user extensions: 0
[2018-10-09 13:23:26.395] [sharedprocess] [info] Scanned user extensions: 0
[2018-10-09 13:23:26.396] [sharedprocess] [info] Scanned user extensions: 0
[2018-10-09 13:28:26.395] [sharedprocess] [info] Scanned user extensions: 0
[2018-10-09 13:33:26.411] [sharedprocess] [info] Scanned user extensions: 0
[2018-10-09 13:36:58.150] [sharedprocess] [info] Scanned user extensions: 0
[2018-10-09 13:36:58.164] [sharedprocess] [info] Scanned system extensions: 71
[2018-10-09 13:37:08.460] [sharedprocess] [info] Scanned user extensions: 0
[2018-10-09 13:37:08.505] [sharedprocess] [info] Scanned user extensions: 0
[2018-10-09 13:37:08.520] [sharedprocess] [info] Scanned system extensions: 71
[2018-10-09 13:38:12.543] [sharedprocess] [info] Installing extension: vue-vscode-snippets
[2018-10-09 13:38:12.544] [sharedprocess] [info] Scanned user extensions: 0
[2018-10-09 13:38:13.522] [sharedprocess] [info] Downloaded extension: vue-vscode-snippets /tmp/9b1857f4-fd88-4ea9-866e-69a50315a17a
[2018-10-09 13:38:13.544] [sharedprocess] [info] Extracted extension to /home/samantha/.vscode/extensions/.sdras.vue-vscode-snippets-1.3.0: sdras.vue-vscode-snippets-1.3.0
[2018-10-09 13:38:13.544] [sharedprocess] [info] Renamed to /home/samantha/.vscode/extensions/sdras.vue-vscode-snippets-1.3.0
[2018-10-09 13:38:13.544] [sharedprocess] [info] Installation completed. sdras.vue-vscode-snippets-1.3.0
[2018-10-09 13:38:13.585] [sharedprocess] [info] Scanned user extensions: 1
[2018-10-09 13:38:13.604] [sharedprocess] [info] Scanned system extensions: 71
[2018-10-09 13:38:13.666] [sharedprocess] [info] Installing extension: vetur
[2018-10-09 13:38:13.668] [sharedprocess] [info] Scanned user extensions: 1
[2018-10-09 13:38:26.452] [sharedprocess] [info] Scanned user extensions: 1
[2018-10-09 13:38:26.510] [sharedprocess] [info] Downloaded extension: vetur /tmp/ce744a16-3843-4f86-b88b-9bc1e295c3d3
[2018-10-09 13:38:33.109] [sharedprocess] [info] Extracted extension to /home/samantha/.vscode/extensions/.octref.vetur-0.13.0: octref.vetur-0.13.0
[2018-10-09 13:38:33.109] [sharedprocess] [info] Renamed to /home/samantha/.vscode/extensions/octref.vetur-0.13.0
[2018-10-09 13:38:33.109] [sharedprocess] [info] Installation completed. octref.vetur-0.13.0
[2018-10-09 13:38:33.213] [sharedprocess] [info] Extensions installed successfully: octref.vetur
[2018-10-09 13:38:33.213] [sharedprocess] [info] Extensions installed successfully: sdras.vue-vscode-snippets
[2018-10-09 13:38:33.326] [sharedprocess] [info] Scanned user extensions: 2
[2018-10-09 13:38:33.326] [sharedprocess] [info] Scanned user extensions: 2
[2018-10-09 13:38:33.346] [sharedprocess] [info] Scanned system extensions: 71
[2018-10-09 13:38:33.348] [sharedprocess] [info] Scanned system extensions: 71
[2018-10-09 13:39:32.092] [sharedprocess] [info] Scanned user extensions: 2
[2018-10-09 13:39:32.104] [sharedprocess] [info] Scanned system extensions: 71
[2018-10-09 13:39:32.133] [sharedprocess] [info] Scanned user extensions: 2
[2018-10-09 13:39:32.149] [sharedprocess] [info] Scanned system extensions: 71
[2018-10-09 13:40:07.979] [sharedprocess] [info] Scanned user extensions: 2
[2018-10-09 13:40:07.990] [sharedprocess] [info] Scanned system extensions: 71
[2018-10-09 13:40:14.170] [sharedprocess] [info] Scanned user extensions: 2
[2018-10-09 13:40:14.171] [sharedprocess] [info] Scanned user extensions: 2
[2018-10-09 13:40:14.171] [sharedprocess] [info] Scanned user extensions: 2
[2018-10-09 13:40:14.177] [sharedprocess] [info] Scanned user extensions: 2
[2018-10-09 13:40:14.178] [sharedprocess] [info] Scanned user extensions: 2
[2018-10-09 13:40:14.184] [sharedprocess] [info] Scanned user extensions: 2
[2018-10-09 13:40:14.215] [sharedprocess] [info] Scanned system extensions: 71
[2018-10-09 13:40:14.216] [sharedprocess] [info] Scanned system extensions: 71
[2018-10-09 13:40:14.218] [sharedprocess] [info] Scanned system extensions: 71
[2018-10-09 13:40:14.219] [sharedprocess] [info] Scanned system extensions: 71
[2018-10-09 13:40:14.238] [sharedprocess] [info] Scanned user extensions: 2
[2018-10-09 13:40:14.248] [sharedprocess] [info] Scanned system extensions: 71
[2018-10-09 13:40:14.442] [sharedprocess] [info] Scanned user extensions: 2
[2018-10-09 13:40:14.456] [sharedprocess] [info] Scanned user extensions: 2
[2018-10-09 13:40:14.457] [sharedprocess] [info] Scanned user extensions: 2
[2018-10-09 13:40:14.457] [sharedprocess] [info] Scanned user extensions: 2
[2018-10-09 13:40:14.457] [sharedprocess] [info] Scanned user extensions: 2
[2018-10-09 13:45:14.459] [sharedprocess] [info] Scanned user extensions: 2
[2018-10-09 13:50:14.466] [sharedprocess] [info] Scanned user extensions: 2
[2018-10-09 13:55:14.473] [sharedprocess] [info] Scanned user extensions: 2
[2018-10-09 14:00:14.478] [sharedprocess] [info] Scanned user extensions: 2
[2018-10-09 14:05:14.485] [sharedprocess] [info] Scanned user extensions: 2
[2018-10-09 14:10:14.493] [sharedprocess] [info] Scanned user extensions: 2
[2018-10-09 14:15:14.637] [sharedprocess] [info] Scanned user extensions: 2
[2018-10-09 14:20:14.647] [sharedprocess] [info] Scanned user extensions: 2
[2018-10-09 14:25:14.654] [sharedprocess] [info] Scanned user extensions: 2
[2018-10-09 14:30:14.665] [sharedprocess] [info] Scanned user extensions: 2
[2018-10-09 14:35:14.675] [sharedprocess] [info] Scanned user extensions: 2
[2018-10-09 14:40:14.687] [sharedprocess] [info] Scanned user extensions: 2
[2018-10-09 14:45:14.697] [sharedprocess] [info] Scanned user extensions: 2
[2018-10-09 14:50:14.704] [sharedprocess] [info] Scanned user extensions: 2
[2018-10-09 14:55:14.716] [sharedprocess] [info] Scanned user extensions: 2
[2018-10-09 15:00:14.726] [sharedprocess] [info] Scanned user extensions: 2
[2018-10-09 15:05:14.736] [sharedprocess] [info] Scanned user extensions: 2
[2018-10-09 15:10:14.746] [sharedprocess] [info] Scanned user extensions: 2
[2018-10-09 15:15:14.870] [sharedprocess] [info] Scanned user extensions: 2
[2018-10-09 15:20:14.880] [sharedprocess] [info] Scanned user extensions: 2
[2018-10-09 15:25:14.889] [sharedprocess] [info] Scanned user extensions: 2
[2018-10-09 15:30:14.897] [sharedprocess] [info] Scanned user extensions: 2
[2018-10-09 15:35:14.913] [sharedprocess] [info] Scanned user extensions: 2
[2018-10-09 15:40:14.923] [sharedprocess] [info] Scanned user extensions: 2
[2018-10-09 15:45:14.933] [sharedprocess] [info] Scanned user extensions: 2
[2018-10-09 15:50:14.942] [sharedprocess] [info] Scanned user extensions: 2
[2018-10-09 15:55:14.951] [sharedprocess] [info] Scanned user extensions: 2
[2018-10-09 16:00:14.964] [sharedprocess] [info] Scanned user extensions: 2
[2018-10-09 16:05:14.975] [sharedprocess] [info] Scanned user extensions: 2
[2018-10-09 16:10:14.984] [sharedprocess] [info] Scanned user extensions: 2
[2018-10-09 16:15:15.143] [sharedprocess] [info] Scanned user extensions: 2
[2018-10-09 16:20:15.154] [sharedprocess] [info] Scanned user extensions: 2
[2018-10-09 16:25:15.164] [sharedprocess] [info] Scanned user extensions: 2
[2018-10-09 16:30:15.175] [sharedprocess] [info] Scanned user extensions: 2
[2018-10-09 16:35:15.186] [sharedprocess] [info] Scanned user extensions: 2
[2018-10-09 16:40:15.196] [sharedprocess] [info] Scanned user extensions: 2
[2018-10-09 16:45:15.208] [sharedprocess] [info] Scanned user extensions: 2
[2018-10-09 16:50:15.217] [sharedprocess] [info] Scanned user extensions: 2
[2018-10-09 16:55:15.229] [sharedprocess] [info] Scanned user extensions: 2
[2018-10-09 17:00:15.240] [sharedprocess] [info] Scanned user extensions: 2
[2018-10-09 17:05:15.248] [sharedprocess] [info] Scanned user extensions: 2
[2018-10-09 17:10:15.255] [sharedprocess] [info] Scanned user extensions: 2
[2018-10-09 17:15:15.393] [sharedprocess] [info] Scanned user extensions: 2
[2018-10-09 17:20:15.397] [sharedprocess] [info] Scanned user extensions: 2
[2018-10-09 17:25:15.403] [sharedprocess] [info] Scanned user extensions: 2
[2018-10-09 17:30:15.415] [sharedprocess] [info] Scanned user extensions: 2
[2018-10-09 17:35:15.420] [sharedprocess] [info] Scanned user extensions: 2
[2018-10-09 17:40:15.431] [sharedprocess] [info] Scanned user extensions: 2
[2018-10-09 17:45:15.437] [sharedprocess] [info] Scanned user extensions: 2
[2018-10-09 17:50:15.448] [sharedprocess] [info] Scanned user extensions: 2
[2018-10-09 17:55:15.456] [sharedprocess] [info] Scanned user extensions: 2
[2018-10-09 18:00:15.465] [sharedprocess] [info] Scanned user extensions: 2
[2018-10-09 18:05:15.474] [sharedprocess] [info] Scanned user extensions: 2
[2018-10-09 18:10:15.484] [sharedprocess] [info] Scanned user extensions: 2
[2018-10-09 18:15:15.632] [sharedprocess] [info] Scanned user extensions: 2
[2018-10-09 18:20:15.638] [sharedprocess] [info] Scanned user extensions: 2
[2018-10-09 18:25:15.646] [sharedprocess] [info] Scanned user extensions: 2
[2018-10-09 18:30:15.655] [sharedprocess] [info] Scanned user extensions: 2
[2018-10-09 18:35:15.661] [sharedprocess] [info] Scanned user extensions: 2
[2018-10-09 18:40:15.669] [sharedprocess] [info] Scanned user extensions: 2
[2018-10-09 18:45:15.680] [sharedprocess] [info] Scanned user extensions: 2
[2018-10-09 18:50:15.688] [sharedprocess] [info] Scanned user extensions: 2
[2018-10-09 18:55:15.698] [sharedprocess] [info] Scanned user extensions: 2
[2018-10-09 19:00:15.706] [sharedprocess] [info] Scanned user extensions: 2
[2018-10-09 19:05:15.718] [sharedprocess] [info] Scanned user extensions: 2
[2018-10-09 19:10:15.729] [sharedprocess] [info] Scanned user extensions: 2
[2018-10-09 19:15:15.866] [sharedprocess] [info] Scanned user extensions: 2
[2018-10-09 19:20:15.874] [sharedprocess] [info] Scanned user extensions: 2
[2018-10-09 19:25:15.885] [sharedprocess] [info] Scanned user extensions: 2
[2018-10-09 19:30:15.898] [sharedprocess] [info] Scanned user extensions: 2
[2018-10-09 19:35:15.907] [sharedprocess] [info] Scanned user extensions: 2
[2018-10-09 19:40:15.917] [sharedprocess] [info] Scanned user extensions: 2
[2018-10-09 19:45:15.928] [sharedprocess] [info] Scanned user extensions: 2
[2018-10-09 19:50:15.937] [sharedprocess] [info] Scanned user extensions: 2
[2018-10-09 19:55:15.948] [sharedprocess] [info] Scanned user extensions: 2
[2018-10-09 20:00:15.959] [sharedprocess] [info] Scanned user extensions: 2
[2018-10-09 20:05:15.969] [sharedprocess] [info] Scanned user extensions: 2
[2018-10-09 20:10:15.978] [sharedprocess] [info] Scanned user extensions: 2
[2018-10-09 20:15:16.125] [sharedprocess] [info] Scanned user extensions: 2
[2018-10-09 20:20:16.133] [sharedprocess] [info] Scanned user extensions: 2
[2018-10-09 20:25:16.147] [sharedprocess] [info] Scanned user extensions: 2
[2018-10-09 20:30:16.159] [sharedprocess] [info] Scanned user extensions: 2
[2018-10-09 20:35:16.171] [sharedprocess] [info] Scanned user extensions: 2
[2018-10-09 20:40:16.181] [sharedprocess] [info] Scanned user extensions: 2
[2018-10-09 20:45:16.191] [sharedprocess] [info] Scanned user extensions: 2
[2018-10-09 20:50:16.204] [sharedprocess] [info] Scanned user extensions: 2
[2018-10-09 20:55:16.213] [sharedprocess] [info] Scanned user extensions: 2
[2018-10-09 21:00:16.226] [sharedprocess] [info] Scanned user extensions: 2
[2018-10-09 21:05:16.238] [sharedprocess] [info] Scanned user extensions: 2
[2018-10-09 21:10:16.246] [sharedprocess] [info] Scanned user extensions: 2
[2018-10-09 21:15:16.393] [sharedprocess] [info] Scanned user extensions: 2
[2018-10-09 21:20:16.403] [sharedprocess] [info] Scanned user extensions: 2
[2018-10-09 21:25:16.416] [sharedprocess] [info] Scanned user extensions: 2
[2018-10-09 21:30:16.426] [sharedprocess] [info] Scanned user extensions: 2
[2018-10-09 21:35:16.434] [sharedprocess] [info] Scanned user extensions: 2
[2018-10-09 21:40:16.445] [sharedprocess] [info] Scanned user extensions: 2
[2018-10-09 21:45:16.456] [sharedprocess] [info] Scanned user extensions: 2
[2018-10-09 21:50:16.465] [sharedprocess] [info] Scanned user extensions: 2
