Looking for git in: git
Using git 2.17.1 from git
> git rev-parse --show-toplevel
> git config --get commit.template
Open repository: /home/samantha/Workspaces/wana
> git status -z -u
> git symbolic-ref --short HEAD
> git rev-parse master
> git rev-parse --symbolic-full-name master@{u}
> git rev-list --left-right master...refs/remotes/origin/master
> git for-each-ref --format %(refname) %(objectname) --sort -committerdate
> git remote --verbose
> git show :src/components/Error.vue
> git check-ignore -z --stdin
> git show :src/components/Error.vue
> git show :src/components/Home.vue
> git show :src/components/Landing.vue
> git show :src/components/SdkMissing.vue
> git show :src/components/Landing.vue
> git show :src/components/Home.vue
> git show :src/components/Error.vue
> git check-ignore -z --stdin
> git show :src/App.vue
> git check-ignore -z --stdin
> git show :src/components/nav/Footer.vue
> git show :src/components/Landing.vue
> git show :src/components/nav/Footer.vue
> git show :src/components/nav/Header.vue
> git show :src/components/nav/Footer.vue
