[2018-10-15 12:36:43.736] [sharedprocess] [info] main {"machineId":"5e94eafa09ca50f82917a904a8b65afc7c95aea7e6f2d88604c605a25b93c786"}
[2018-10-15 12:36:43.769] [sharedprocess] [info] Scanned user extensions: 2
[2018-10-15 12:36:43.785] [sharedprocess] [info] Scanned user extensions: 2
[2018-10-15 12:36:43.786] [sharedprocess] [info] Scanned user extensions: 2
[2018-10-15 12:36:43.791] [sharedprocess] [info] Scanned user extensions: 2
[2018-10-15 12:36:43.812] [sharedprocess] [info] Scanned system extensions: 71
[2018-10-15 12:36:43.813] [sharedprocess] [info] Scanned system extensions: 71
[2018-10-15 12:37:23.738] [sharedprocess] [info] Starting to clean up unused language packs.
[2018-10-15 12:38:00.753] [sharedprocess] [info] Scanned user extensions: 2
[2018-10-15 12:38:00.754] [sharedprocess] [info] Scanned user extensions: 2
[2018-10-15 12:38:00.815] [sharedprocess] [info] Scanned system extensions: 71
[2018-10-15 12:38:00.866] [sharedprocess] [info] Scanned user extensions: 2
[2018-10-15 12:43:00.889] [sharedprocess] [info] Scanned user extensions: 2
[2018-10-15 12:47:38.649] [sharedprocess] [info] Scanned user extensions: 2
[2018-10-15 12:47:38.692] [sharedprocess] [info] Scanned user extensions: 2
[2018-10-15 12:47:38.692] [sharedprocess] [info] Scanned user extensions: 2
[2018-10-15 12:47:38.693] [sharedprocess] [info] Scanned user extensions: 2
[2018-10-15 12:47:38.734] [sharedprocess] [info] Scanned system extensions: 71
[2018-10-15 12:47:38.736] [sharedprocess] [info] Scanned system extensions: 71
[2018-10-15 12:47:38.738] [sharedprocess] [info] Scanned system extensions: 71
[2018-10-15 12:47:44.710] [sharedprocess] [info] Scanned user extensions: 2
[2018-10-15 12:47:44.711] [sharedprocess] [info] Scanned user extensions: 2
[2018-10-15 12:47:44.713] [sharedprocess] [info] Scanned user extensions: 2
[2018-10-15 12:47:44.744] [sharedprocess] [info] Scanned system extensions: 71
[2018-10-15 12:47:44.746] [sharedprocess] [info] Scanned system extensions: 71
[2018-10-15 12:47:44.747] [sharedprocess] [info] Scanned system extensions: 71
[2018-10-15 12:48:00.898] [sharedprocess] [info] Scanned user extensions: 2
[2018-10-15 12:48:46.907] [sharedprocess] [info] Installing extension: bubblegum
[2018-10-15 12:48:46.908] [sharedprocess] [info] Scanned user extensions: 2
[2018-10-15 12:48:47.384] [sharedprocess] [info] Downloaded extension: bubblegum /tmp/ad74dcc6-bc7e-4295-8623-0b2c7a0035b4
[2018-10-15 12:48:47.395] [sharedprocess] [info] Extracted extension to /home/samantha/.vscode/extensions/.connieth.bubblegum-1.0.1: connieth.bubblegum-1.0.1
[2018-10-15 12:48:47.395] [sharedprocess] [info] Renamed to /home/samantha/.vscode/extensions/connieth.bubblegum-1.0.1
[2018-10-15 12:48:47.395] [sharedprocess] [info] Installation completed. connieth.bubblegum-1.0.1
[2018-10-15 12:48:47.437] [sharedprocess] [info] Extensions installed successfully: connieth.bubblegum
[2018-10-15 12:48:47.548] [sharedprocess] [info] Scanned user extensions: 3
[2018-10-15 12:48:47.564] [sharedprocess] [info] Scanned system extensions: 71
[2018-10-15 12:48:49.226] [sharedprocess] [info] Scanned user extensions: 3
[2018-10-15 12:48:49.227] [sharedprocess] [info] Scanned user extensions: 3
[2018-10-15 12:48:49.228] [sharedprocess] [info] Scanned user extensions: 3
[2018-10-15 12:48:49.238] [sharedprocess] [info] Scanned user extensions: 3
[2018-10-15 12:48:49.240] [sharedprocess] [info] Scanned user extensions: 3
[2018-10-15 12:48:49.247] [sharedprocess] [info] Scanned user extensions: 3
[2018-10-15 12:48:49.264] [sharedprocess] [info] Scanned user extensions: 3
[2018-10-15 12:48:49.298] [sharedprocess] [info] Scanned system extensions: 71
[2018-10-15 12:48:49.300] [sharedprocess] [info] Scanned system extensions: 71
[2018-10-15 12:48:49.301] [sharedprocess] [info] Scanned system extensions: 71
[2018-10-15 12:48:49.305] [sharedprocess] [info] Scanned system extensions: 71
[2018-10-15 12:49:55.563] [sharedprocess] [info] Installing extension: kurama
[2018-10-15 12:49:55.564] [sharedprocess] [info] Scanned user extensions: 3
[2018-10-15 12:49:56.307] [sharedprocess] [info] Downloaded extension: kurama /tmp/287ac750-b748-4188-82e3-f27e7e38106e
[2018-10-15 12:49:56.322] [sharedprocess] [info] Extracted extension to /home/samantha/.vscode/extensions/.fomtarro.kurama-0.0.10: fomtarro.kurama-0.0.10
[2018-10-15 12:49:56.322] [sharedprocess] [info] Renamed to /home/samantha/.vscode/extensions/fomtarro.kurama-0.0.10
[2018-10-15 12:49:56.322] [sharedprocess] [info] Installation completed. fomtarro.kurama-0.0.10
[2018-10-15 12:49:56.354] [sharedprocess] [info] Extensions installed successfully: fomtarro.kurama
[2018-10-15 12:49:56.464] [sharedprocess] [info] Scanned user extensions: 4
[2018-10-15 12:49:56.475] [sharedprocess] [info] Scanned system extensions: 71
[2018-10-15 12:50:04.732] [sharedprocess] [info] Installing extension: roseate
[2018-10-15 12:50:04.734] [sharedprocess] [info] Scanned user extensions: 4
[2018-10-15 12:50:05.278] [sharedprocess] [info] Downloaded extension: roseate /tmp/3829a6a3-d7f6-4f40-a70a-1ae246476654
[2018-10-15 12:50:05.288] [sharedprocess] [info] Extracted extension to /home/samantha/.vscode/extensions/.endorfina.roseate-0.3.0: endorfina.roseate-0.3.0
[2018-10-15 12:50:05.289] [sharedprocess] [info] Renamed to /home/samantha/.vscode/extensions/endorfina.roseate-0.3.0
[2018-10-15 12:50:05.289] [sharedprocess] [info] Installation completed. endorfina.roseate-0.3.0
[2018-10-15 12:50:05.330] [sharedprocess] [info] Extensions installed successfully: endorfina.roseate
[2018-10-15 12:50:05.444] [sharedprocess] [info] Scanned user extensions: 5
[2018-10-15 12:50:05.454] [sharedprocess] [info] Scanned system extensions: 71
[2018-10-15 12:50:43.827] [sharedprocess] [info] Scanned user extensions: 5
[2018-10-15 12:50:43.828] [sharedprocess] [info] Scanned user extensions: 5
[2018-10-15 12:50:43.839] [sharedprocess] [info] Scanned system extensions: 71
[2018-10-15 12:50:44.007] [sharedprocess] [info] Scanned user extensions: 5
[2018-10-15 12:53:11.386] [sharedprocess] [info] Scanned user extensions: 5
[2018-10-15 12:53:11.432] [sharedprocess] [info] Scanned user extensions: 5
[2018-10-15 12:53:11.434] [sharedprocess] [info] Scanned user extensions: 5
[2018-10-15 12:53:11.435] [sharedprocess] [info] Scanned user extensions: 5
[2018-10-15 12:53:11.466] [sharedprocess] [info] Scanned system extensions: 71
[2018-10-15 12:53:11.468] [sharedprocess] [info] Scanned system extensions: 71
[2018-10-15 12:53:11.470] [sharedprocess] [info] Scanned system extensions: 71
[2018-10-15 12:53:15.841] [sharedprocess] [info] Installing extension: vim
[2018-10-15 12:53:15.842] [sharedprocess] [info] Scanned user extensions: 5
[2018-10-15 12:53:17.365] [sharedprocess] [info] Downloaded extension: vim /tmp/0fe4cac1-a206-4dcb-868a-9b76f74b4b99
[2018-10-15 12:53:18.528] [sharedprocess] [info] Extracted extension to /home/samantha/.vscode/extensions/.vscodevim.vim-0.16.10: vscodevim.vim-0.16.10
[2018-10-15 12:53:18.528] [sharedprocess] [info] Renamed to /home/samantha/.vscode/extensions/vscodevim.vim-0.16.10
[2018-10-15 12:53:18.528] [sharedprocess] [info] Installation completed. vscodevim.vim-0.16.10
[2018-10-15 12:53:18.606] [sharedprocess] [info] Extensions installed successfully: vscodevim.vim
[2018-10-15 12:53:18.719] [sharedprocess] [info] Scanned user extensions: 6
[2018-10-15 12:53:18.730] [sharedprocess] [info] Scanned system extensions: 71
[2018-10-15 12:54:01.000] [sharedprocess] [info] Installing extension: open-in-vim
[2018-10-15 12:54:01.002] [sharedprocess] [info] Scanned user extensions: 6
[2018-10-15 12:54:03.222] [sharedprocess] [info] Downloaded extension: open-in-vim /tmp/33e2247a-22c9-4721-ab49-11a0c9a5162a
[2018-10-15 12:54:04.036] [sharedprocess] [info] Extracted extension to /home/samantha/.vscode/extensions/.jonsmithers.open-in-vim-0.4.2: jonsmithers.open-in-vim-0.4.2
[2018-10-15 12:54:04.041] [sharedprocess] [info] Renamed to /home/samantha/.vscode/extensions/jonsmithers.open-in-vim-0.4.2
[2018-10-15 12:54:04.041] [sharedprocess] [info] Installation completed. jonsmithers.open-in-vim-0.4.2
[2018-10-15 12:54:04.100] [sharedprocess] [info] Extensions installed successfully: jonsmithers.open-in-vim
[2018-10-15 12:54:04.217] [sharedprocess] [info] Scanned user extensions: 7
[2018-10-15 12:54:04.228] [sharedprocess] [info] Scanned system extensions: 71
[2018-10-15 12:54:07.195] [sharedprocess] [info] Scanned user extensions: 7
[2018-10-15 12:54:07.197] [sharedprocess] [info] Scanned user extensions: 7
[2018-10-15 12:54:07.198] [sharedprocess] [info] Scanned user extensions: 7
[2018-10-15 12:54:07.203] [sharedprocess] [info] Scanned user extensions: 7
[2018-10-15 12:54:07.204] [sharedprocess] [info] Scanned user extensions: 7
[2018-10-15 12:54:07.210] [sharedprocess] [info] Scanned user extensions: 7
[2018-10-15 12:54:07.238] [sharedprocess] [info] Scanned system extensions: 71
[2018-10-15 12:54:07.239] [sharedprocess] [info] Scanned system extensions: 71
[2018-10-15 12:54:07.241] [sharedprocess] [info] Scanned system extensions: 71
[2018-10-15 12:54:07.242] [sharedprocess] [info] Scanned system extensions: 71
[2018-10-15 12:54:07.382] [sharedprocess] [info] Scanned user extensions: 7
[2018-10-15 12:59:07.410] [sharedprocess] [info] Scanned user extensions: 7
[2018-10-15 13:04:07.421] [sharedprocess] [info] Scanned user extensions: 7
[2018-10-15 13:09:07.537] [sharedprocess] [info] Scanned user extensions: 7
[2018-10-15 13:12:35.096] [sharedprocess] [info] Scanned user extensions: 7
[2018-10-15 13:12:35.097] [sharedprocess] [info] Scanned user extensions: 7
[2018-10-15 13:12:35.108] [sharedprocess] [info] Scanned system extensions: 71
[2018-10-15 13:12:35.489] [sharedprocess] [info] Scanned user extensions: 7
