[2018-10-15 13:13:04.208] [exthost] [info] extension host started
[2018-10-15 13:13:04.220] [exthost] [info] ExtensionService#_doActivateExtension vscode.debug-auto-launch {"startup":true,"activationEvent":"*"}
[2018-10-15 13:13:04.220] [exthost] [info] ExtensionService#loadCommonJSModule /snap/vscode/63/usr/share/code/resources/app/extensions/debug-auto-launch/dist/extension
[2018-10-15 13:13:04.224] [exthost] [info] ExtensionService#_doActivateExtension vscode.emmet {"startup":true,"activationEvent":"*"}
[2018-10-15 13:13:04.224] [exthost] [info] ExtensionService#loadCommonJSModule /snap/vscode/63/usr/share/code/resources/app/extensions/emmet/dist/extension
[2018-10-15 13:13:04.249] [exthost] [info] ExtensionService#_doActivateExtension vscode.git {"startup":true,"activationEvent":"*"}
[2018-10-15 13:13:04.249] [exthost] [info] ExtensionService#loadCommonJSModule /snap/vscode/63/usr/share/code/resources/app/extensions/git/dist/main
[2018-10-15 13:13:04.329] [exthost] [info] ExtensionService#_doActivateExtension vscode.merge-conflict {"startup":true,"activationEvent":"*"}
[2018-10-15 13:13:04.329] [exthost] [info] ExtensionService#loadCommonJSModule /snap/vscode/63/usr/share/code/resources/app/extensions/merge-conflict/dist/extension
[2018-10-15 13:13:04.334] [exthost] [info] ExtensionService#_doActivateExtension vscode.search-rg {"startup":true,"activationEvent":"*"}
[2018-10-15 13:13:04.334] [exthost] [info] ExtensionService#loadCommonJSModule /snap/vscode/63/usr/share/code/resources/app/extensions/search-rg/dist/extension
[2018-10-15 13:13:04.337] [exthost] [info] ExtensionService#_doActivateExtension vscodevim.vim {"startup":true,"activationEvent":"*"}
[2018-10-15 13:13:04.337] [exthost] [info] ExtensionService#loadCommonJSModule /home/samantha/.vscode/extensions/vscodevim.vim-0.16.10/out/extension
[2018-10-15 13:13:04.535] [exthost] [info] eager extensions activated
[2018-10-15 13:13:04.549] [exthost] [info] ExtensionService#_doActivateExtension vscode.typescript-language-features {"startup":false,"activationEvent":"onLanguage:javascript"}
[2018-10-15 13:13:04.549] [exthost] [info] ExtensionService#loadCommonJSModule /snap/vscode/63/usr/share/code/resources/app/extensions/typescript-language-features/dist/extension
[2018-10-15 13:17:59.788] [exthost] [info] ExtensionService#_doActivateExtension vscode.configuration-editing {"startup":false,"activationEvent":"onLanguage:jsonc"}
[2018-10-15 13:17:59.788] [exthost] [info] ExtensionService#loadCommonJSModule /snap/vscode/63/usr/share/code/resources/app/extensions/configuration-editing/dist/extension
[2018-10-15 13:17:59.793] [exthost] [info] ExtensionService#_doActivateExtension vscode.json-language-features {"startup":false,"activationEvent":"onLanguage:jsonc"}
[2018-10-15 13:17:59.793] [exthost] [info] ExtensionService#loadCommonJSModule /snap/vscode/63/usr/share/code/resources/app/extensions/json-language-features/client/dist/jsonMain
[2018-10-15 13:26:56.227] [exthost] [info] extension host started
[2018-10-15 13:26:56.238] [exthost] [info] ExtensionService#_doActivateExtension vscode.debug-auto-launch {"startup":true,"activationEvent":"*"}
[2018-10-15 13:26:56.238] [exthost] [info] ExtensionService#loadCommonJSModule /snap/vscode/63/usr/share/code/resources/app/extensions/debug-auto-launch/dist/extension
[2018-10-15 13:26:56.242] [exthost] [info] ExtensionService#_doActivateExtension vscode.emmet {"startup":true,"activationEvent":"*"}
[2018-10-15 13:26:56.242] [exthost] [info] ExtensionService#loadCommonJSModule /snap/vscode/63/usr/share/code/resources/app/extensions/emmet/dist/extension
[2018-10-15 13:26:56.264] [exthost] [info] ExtensionService#_doActivateExtension vscode.git {"startup":true,"activationEvent":"*"}
[2018-10-15 13:26:56.264] [exthost] [info] ExtensionService#loadCommonJSModule /snap/vscode/63/usr/share/code/resources/app/extensions/git/dist/main
[2018-10-15 13:26:56.344] [exthost] [info] ExtensionService#_doActivateExtension vscode.merge-conflict {"startup":true,"activationEvent":"*"}
[2018-10-15 13:26:56.344] [exthost] [info] ExtensionService#loadCommonJSModule /snap/vscode/63/usr/share/code/resources/app/extensions/merge-conflict/dist/extension
[2018-10-15 13:26:56.348] [exthost] [info] ExtensionService#_doActivateExtension vscode.search-rg {"startup":true,"activationEvent":"*"}
[2018-10-15 13:26:56.348] [exthost] [info] ExtensionService#loadCommonJSModule /snap/vscode/63/usr/share/code/resources/app/extensions/search-rg/dist/extension
[2018-10-15 13:26:56.351] [exthost] [info] ExtensionService#_doActivateExtension vscodevim.vim {"startup":true,"activationEvent":"*"}
[2018-10-15 13:26:56.351] [exthost] [info] ExtensionService#loadCommonJSModule /home/samantha/.vscode/extensions/vscodevim.vim-0.16.10/out/extension
[2018-10-15 13:26:56.544] [exthost] [info] eager extensions activated
