[2018-10-15 13:13:06.467] [sharedprocess] [info] main {"machineId":"5e94eafa09ca50f82917a904a8b65afc7c95aea7e6f2d88604c605a25b93c786"}
[2018-10-15 13:13:06.503] [sharedprocess] [info] Scanned user extensions: 7
[2018-10-15 13:13:06.515] [sharedprocess] [info] Scanned user extensions: 7
[2018-10-15 13:13:06.516] [sharedprocess] [info] Scanned user extensions: 7
[2018-10-15 13:13:06.520] [sharedprocess] [info] Scanned user extensions: 7
[2018-10-15 13:13:06.540] [sharedprocess] [info] Scanned system extensions: 71
[2018-10-15 13:13:06.541] [sharedprocess] [info] Scanned system extensions: 71
[2018-10-15 13:13:46.470] [sharedprocess] [info] Starting to clean up unused language packs.
[2018-10-15 13:18:06.535] [sharedprocess] [info] Scanned user extensions: 7
[2018-10-15 13:23:06.581] [sharedprocess] [info] Scanned user extensions: 7
[2018-10-15 13:26:56.077] [sharedprocess] [info] Scanned user extensions: 7
[2018-10-15 13:26:56.079] [sharedprocess] [info] Scanned user extensions: 7
[2018-10-15 13:26:56.105] [sharedprocess] [info] Scanned system extensions: 71
[2018-10-15 13:26:56.184] [sharedprocess] [info] Scanned user extensions: 7
[2018-10-15 13:31:56.204] [sharedprocess] [info] Scanned user extensions: 7
[2018-10-15 13:36:56.218] [sharedprocess] [info] Scanned user extensions: 7
[2018-10-15 13:41:56.225] [sharedprocess] [info] Scanned user extensions: 7
[2018-10-15 13:46:56.236] [sharedprocess] [info] Scanned user extensions: 7
[2018-10-15 13:51:56.251] [sharedprocess] [info] Scanned user extensions: 7
[2018-10-15 13:56:56.270] [sharedprocess] [info] Scanned user extensions: 7
[2018-10-15 14:01:56.284] [sharedprocess] [info] Scanned user extensions: 7
[2018-10-15 14:06:56.297] [sharedprocess] [info] Scanned user extensions: 7
[2018-10-15 14:11:56.461] [sharedprocess] [info] Scanned user extensions: 7
[2018-10-15 14:16:56.477] [sharedprocess] [info] Scanned user extensions: 7
[2018-10-15 14:21:56.489] [sharedprocess] [info] Scanned user extensions: 7
[2018-10-15 14:26:56.502] [sharedprocess] [info] Scanned user extensions: 7
[2018-10-15 14:31:56.518] [sharedprocess] [info] Scanned user extensions: 7
[2018-10-15 14:36:56.532] [sharedprocess] [info] Scanned user extensions: 7
[2018-10-15 14:41:56.546] [sharedprocess] [info] Scanned user extensions: 7
[2018-10-15 14:46:56.563] [sharedprocess] [info] Scanned user extensions: 7
[2018-10-15 14:51:56.577] [sharedprocess] [info] Scanned user extensions: 7
[2018-10-15 14:56:56.590] [sharedprocess] [info] Scanned user extensions: 7
[2018-10-15 15:01:56.598] [sharedprocess] [info] Scanned user extensions: 7
[2018-10-15 15:06:56.608] [sharedprocess] [info] Scanned user extensions: 7
[2018-10-15 15:11:56.745] [sharedprocess] [info] Scanned user extensions: 7
[2018-10-15 15:16:56.758] [sharedprocess] [info] Scanned user extensions: 7
[2018-10-15 15:21:56.770] [sharedprocess] [info] Scanned user extensions: 7
[2018-10-15 15:26:56.786] [sharedprocess] [info] Scanned user extensions: 7
[2018-10-15 15:31:56.794] [sharedprocess] [info] Scanned user extensions: 7
[2018-10-15 15:36:56.799] [sharedprocess] [info] Scanned user extensions: 7
[2018-10-15 15:41:56.806] [sharedprocess] [info] Scanned user extensions: 7
[2018-10-15 15:46:56.819] [sharedprocess] [info] Scanned user extensions: 7
[2018-10-15 15:51:56.829] [sharedprocess] [info] Scanned user extensions: 7
[2018-10-15 15:56:56.845] [sharedprocess] [info] Scanned user extensions: 7
[2018-10-15 16:01:56.857] [sharedprocess] [info] Scanned user extensions: 7
[2018-10-15 16:06:56.870] [sharedprocess] [info] Scanned user extensions: 7
[2018-10-15 16:11:57.037] [sharedprocess] [info] Scanned user extensions: 7
[2018-10-15 16:16:57.049] [sharedprocess] [info] Scanned user extensions: 7
[2018-10-15 16:21:57.065] [sharedprocess] [info] Scanned user extensions: 7
[2018-10-15 16:26:57.077] [sharedprocess] [info] Scanned user extensions: 7
[2018-10-15 16:31:57.093] [sharedprocess] [info] Scanned user extensions: 7
[2018-10-15 16:36:57.098] [sharedprocess] [info] Scanned user extensions: 7
[2018-10-15 16:41:57.105] [sharedprocess] [info] Scanned user extensions: 7
[2018-10-15 16:46:57.117] [sharedprocess] [info] Scanned user extensions: 7
[2018-10-15 16:51:57.131] [sharedprocess] [info] Scanned user extensions: 7
[2018-10-15 16:56:57.146] [sharedprocess] [info] Scanned user extensions: 7
[2018-10-15 17:01:57.160] [sharedprocess] [info] Scanned user extensions: 7
[2018-10-15 17:06:57.173] [sharedprocess] [info] Scanned user extensions: 7
[2018-10-15 17:11:57.307] [sharedprocess] [info] Scanned user extensions: 7
[2018-10-15 17:16:57.321] [sharedprocess] [info] Scanned user extensions: 7
[2018-10-15 17:21:57.336] [sharedprocess] [info] Scanned user extensions: 7
[2018-10-15 17:26:57.350] [sharedprocess] [info] Scanned user extensions: 7
[2018-10-15 17:31:57.363] [sharedprocess] [info] Scanned user extensions: 7
[2018-10-15 17:36:57.371] [sharedprocess] [info] Scanned user extensions: 7
[2018-10-15 17:41:57.381] [sharedprocess] [info] Scanned user extensions: 7
[2018-10-15 17:46:57.399] [sharedprocess] [info] Scanned user extensions: 7
[2018-10-15 17:51:57.412] [sharedprocess] [info] Scanned user extensions: 7
[2018-10-15 17:56:57.421] [sharedprocess] [info] Scanned user extensions: 7
[2018-10-15 18:01:57.426] [sharedprocess] [info] Scanned user extensions: 7
[2018-10-15 18:06:57.438] [sharedprocess] [info] Scanned user extensions: 7
[2018-10-15 18:11:57.574] [sharedprocess] [info] Scanned user extensions: 7
[2018-10-15 18:16:57.588] [sharedprocess] [info] Scanned user extensions: 7
[2018-10-15 18:21:57.593] [sharedprocess] [info] Scanned user extensions: 7
[2018-10-15 18:26:57.603] [sharedprocess] [info] Scanned user extensions: 7
[2018-10-15 18:31:57.618] [sharedprocess] [info] Scanned user extensions: 7
[2018-10-15 18:36:57.634] [sharedprocess] [info] Scanned user extensions: 7
[2018-10-15 18:41:57.648] [sharedprocess] [info] Scanned user extensions: 7
[2018-10-15 18:46:57.661] [sharedprocess] [info] Scanned user extensions: 7
[2018-10-15 18:51:57.672] [sharedprocess] [info] Scanned user extensions: 7
[2018-10-15 18:56:57.686] [sharedprocess] [info] Scanned user extensions: 7
[2018-10-15 19:01:57.702] [sharedprocess] [info] Scanned user extensions: 7
[2018-10-15 19:06:57.716] [sharedprocess] [info] Scanned user extensions: 7
[2018-10-15 19:11:57.853] [sharedprocess] [info] Scanned user extensions: 7
[2018-10-15 19:16:57.866] [sharedprocess] [info] Scanned user extensions: 7
[2018-10-15 19:21:57.880] [sharedprocess] [info] Scanned user extensions: 7
[2018-10-15 19:26:57.893] [sharedprocess] [info] Scanned user extensions: 7
[2018-10-15 19:31:57.908] [sharedprocess] [info] Scanned user extensions: 7
[2018-10-15 19:36:57.921] [sharedprocess] [info] Scanned user extensions: 7
[2018-10-15 19:41:57.937] [sharedprocess] [info] Scanned user extensions: 7
[2018-10-15 19:46:57.952] [sharedprocess] [info] Scanned user extensions: 7
[2018-10-15 19:51:57.965] [sharedprocess] [info] Scanned user extensions: 7
[2018-10-15 19:56:57.977] [sharedprocess] [info] Scanned user extensions: 7
[2018-10-15 20:01:57.991] [sharedprocess] [info] Scanned user extensions: 7
[2018-10-15 20:06:58.002] [sharedprocess] [info] Scanned user extensions: 7
[2018-10-15 20:11:58.176] [sharedprocess] [info] Scanned user extensions: 7
[2018-10-15 20:16:58.189] [sharedprocess] [info] Scanned user extensions: 7
[2018-10-15 20:21:58.205] [sharedprocess] [info] Scanned user extensions: 7
[2018-10-15 20:26:58.218] [sharedprocess] [info] Scanned user extensions: 7
[2018-10-15 20:31:58.231] [sharedprocess] [info] Scanned user extensions: 7
[2018-10-15 20:36:58.244] [sharedprocess] [info] Scanned user extensions: 7
[2018-10-15 20:41:58.258] [sharedprocess] [info] Scanned user extensions: 7
[2018-10-15 20:46:58.270] [sharedprocess] [info] Scanned user extensions: 7
[2018-10-15 20:51:58.282] [sharedprocess] [info] Scanned user extensions: 7
[2018-10-15 20:56:58.295] [sharedprocess] [info] Scanned user extensions: 7
[2018-10-15 21:01:58.309] [sharedprocess] [info] Scanned user extensions: 7
[2018-10-15 21:06:58.320] [sharedprocess] [info] Scanned user extensions: 7
[2018-10-15 21:11:58.485] [sharedprocess] [info] Scanned user extensions: 7
[2018-10-15 21:16:58.497] [sharedprocess] [info] Scanned user extensions: 7
[2018-10-15 21:21:58.514] [sharedprocess] [info] Scanned user extensions: 7
[2018-10-15 21:26:58.526] [sharedprocess] [info] Scanned user extensions: 7
[2018-10-15 21:31:58.541] [sharedprocess] [info] Scanned user extensions: 7
[2018-10-15 21:36:58.552] [sharedprocess] [info] Scanned user extensions: 7
[2018-10-15 21:41:58.568] [sharedprocess] [info] Scanned user extensions: 7
[2018-10-15 21:46:58.580] [sharedprocess] [info] Scanned user extensions: 7
[2018-10-15 21:51:58.594] [sharedprocess] [info] Scanned user extensions: 7
[2018-10-15 21:56:58.609] [sharedprocess] [info] Scanned user extensions: 7
[2018-10-15 22:01:58.621] [sharedprocess] [info] Scanned user extensions: 7
[2018-10-15 22:06:58.635] [sharedprocess] [info] Scanned user extensions: 7
[2018-10-15 22:11:58.754] [sharedprocess] [info] Scanned user extensions: 7
[2018-10-15 22:16:58.766] [sharedprocess] [info] Scanned user extensions: 7
[2018-10-15 22:21:58.776] [sharedprocess] [info] Scanned user extensions: 7
[2018-10-15 22:26:58.788] [sharedprocess] [info] Scanned user extensions: 7
[2018-10-15 22:31:58.798] [sharedprocess] [info] Scanned user extensions: 7
[2018-10-15 22:36:58.808] [sharedprocess] [info] Scanned user extensions: 7
[2018-10-15 22:41:58.820] [sharedprocess] [info] Scanned user extensions: 7
[2018-10-15 22:46:58.832] [sharedprocess] [info] Scanned user extensions: 7
[2018-10-15 22:51:58.841] [sharedprocess] [info] Scanned user extensions: 7
[2018-10-15 22:56:58.851] [sharedprocess] [info] Scanned user extensions: 7
[2018-10-15 23:01:58.863] [sharedprocess] [info] Scanned user extensions: 7
[2018-10-15 23:06:58.872] [sharedprocess] [info] Scanned user extensions: 7
[2018-10-15 23:11:59.004] [sharedprocess] [info] Scanned user extensions: 7
[2018-10-15 23:16:59.015] [sharedprocess] [info] Scanned user extensions: 7
[2018-10-15 23:21:59.027] [sharedprocess] [info] Scanned user extensions: 7
[2018-10-15 23:26:59.042] [sharedprocess] [info] Scanned user extensions: 7
[2018-10-15 23:31:59.054] [sharedprocess] [info] Scanned user extensions: 7
[2018-10-15 23:36:59.065] [sharedprocess] [info] Scanned user extensions: 7
[2018-10-15 23:41:59.078] [sharedprocess] [info] Scanned user extensions: 7
[2018-10-15 23:46:59.087] [sharedprocess] [info] Scanned user extensions: 7
[2018-10-15 23:51:59.100] [sharedprocess] [info] Scanned user extensions: 7
[2018-10-15 23:56:59.112] [sharedprocess] [info] Scanned user extensions: 7
[2018-10-16 00:01:59.125] [sharedprocess] [info] Scanned user extensions: 7
[2018-10-16 00:06:59.138] [sharedprocess] [info] Scanned user extensions: 7
[2018-10-16 00:11:59.260] [sharedprocess] [info] Scanned user extensions: 7
[2018-10-16 00:16:59.273] [sharedprocess] [info] Scanned user extensions: 7
[2018-10-16 00:21:59.285] [sharedprocess] [info] Scanned user extensions: 7
[2018-10-16 00:26:59.296] [sharedprocess] [info] Scanned user extensions: 7
[2018-10-16 00:31:59.308] [sharedprocess] [info] Scanned user extensions: 7
[2018-10-16 00:36:59.318] [sharedprocess] [info] Scanned user extensions: 7
[2018-10-16 00:41:59.325] [sharedprocess] [info] Scanned user extensions: 7
[2018-10-16 00:46:59.336] [sharedprocess] [info] Scanned user extensions: 7
[2018-10-16 00:51:59.346] [sharedprocess] [info] Scanned user extensions: 7
[2018-10-16 00:56:59.359] [sharedprocess] [info] Scanned user extensions: 7
[2018-10-16 01:01:59.370] [sharedprocess] [info] Scanned user extensions: 7
[2018-10-16 01:06:59.381] [sharedprocess] [info] Scanned user extensions: 7
[2018-10-16 01:11:59.538] [sharedprocess] [info] Scanned user extensions: 7
[2018-10-16 01:16:59.552] [sharedprocess] [info] Scanned user extensions: 7
[2018-10-16 01:21:59.560] [sharedprocess] [info] Scanned user extensions: 7
[2018-10-16 01:26:59.577] [sharedprocess] [info] Scanned user extensions: 7
[2018-10-16 01:31:59.590] [sharedprocess] [info] Scanned user extensions: 7
[2018-10-16 01:36:59.604] [sharedprocess] [info] Scanned user extensions: 7
[2018-10-16 01:41:59.616] [sharedprocess] [info] Scanned user extensions: 7
[2018-10-16 01:46:59.629] [sharedprocess] [info] Scanned user extensions: 7
[2018-10-16 01:51:59.639] [sharedprocess] [info] Scanned user extensions: 7
[2018-10-16 01:56:59.652] [sharedprocess] [info] Scanned user extensions: 7
[2018-10-16 02:01:59.663] [sharedprocess] [info] Scanned user extensions: 7
[2018-10-16 02:06:59.673] [sharedprocess] [info] Scanned user extensions: 7
[2018-10-16 02:11:59.810] [sharedprocess] [info] Scanned user extensions: 7
[2018-10-16 02:16:59.825] [sharedprocess] [info] Scanned user extensions: 7
[2018-10-16 02:21:59.837] [sharedprocess] [info] Scanned user extensions: 7
[2018-10-16 02:26:59.847] [sharedprocess] [info] Scanned user extensions: 7
[2018-10-16 02:31:59.857] [sharedprocess] [info] Scanned user extensions: 7
[2018-10-16 02:36:59.871] [sharedprocess] [info] Scanned user extensions: 7
[2018-10-16 02:41:59.881] [sharedprocess] [info] Scanned user extensions: 7
[2018-10-16 02:46:59.897] [sharedprocess] [info] Scanned user extensions: 7
[2018-10-16 02:51:59.907] [sharedprocess] [info] Scanned user extensions: 7
[2018-10-16 02:56:59.915] [sharedprocess] [info] Scanned user extensions: 7
[2018-10-16 03:01:59.928] [sharedprocess] [info] Scanned user extensions: 7
[2018-10-16 03:06:59.938] [sharedprocess] [info] Scanned user extensions: 7
[2018-10-16 03:12:00.063] [sharedprocess] [info] Scanned user extensions: 7
[2018-10-16 03:17:00.078] [sharedprocess] [info] Scanned user extensions: 7
[2018-10-16 03:22:00.090] [sharedprocess] [info] Scanned user extensions: 7
[2018-10-16 03:27:00.105] [sharedprocess] [info] Scanned user extensions: 7
[2018-10-16 03:32:00.116] [sharedprocess] [info] Scanned user extensions: 7
[2018-10-16 03:37:00.128] [sharedprocess] [info] Scanned user extensions: 7
[2018-10-16 03:42:00.139] [sharedprocess] [info] Scanned user extensions: 7
[2018-10-16 03:47:00.151] [sharedprocess] [info] Scanned user extensions: 7
[2018-10-16 03:52:00.164] [sharedprocess] [info] Scanned user extensions: 7
[2018-10-16 03:57:00.179] [sharedprocess] [info] Scanned user extensions: 7
[2018-10-16 04:02:00.192] [sharedprocess] [info] Scanned user extensions: 7
[2018-10-16 04:07:00.205] [sharedprocess] [info] Scanned user extensions: 7
[2018-10-16 04:12:00.353] [sharedprocess] [info] Scanned user extensions: 7
[2018-10-16 04:17:00.367] [sharedprocess] [info] Scanned user extensions: 7
[2018-10-16 04:22:00.377] [sharedprocess] [info] Scanned user extensions: 7
[2018-10-16 04:27:00.390] [sharedprocess] [info] Scanned user extensions: 7
[2018-10-16 04:32:00.395] [sharedprocess] [info] Scanned user extensions: 7
[2018-10-16 04:37:00.405] [sharedprocess] [info] Scanned user extensions: 7
[2018-10-16 04:42:00.414] [sharedprocess] [info] Scanned user extensions: 7
[2018-10-16 04:47:00.422] [sharedprocess] [info] Scanned user extensions: 7
[2018-10-16 04:52:00.434] [sharedprocess] [info] Scanned user extensions: 7
[2018-10-16 04:57:00.447] [sharedprocess] [info] Scanned user extensions: 7
[2018-10-16 05:02:00.457] [sharedprocess] [info] Scanned user extensions: 7
[2018-10-16 05:07:00.469] [sharedprocess] [info] Scanned user extensions: 7
[2018-10-16 05:12:00.605] [sharedprocess] [info] Scanned user extensions: 7
[2018-10-16 05:17:00.615] [sharedprocess] [info] Scanned user extensions: 7
[2018-10-16 05:22:00.625] [sharedprocess] [info] Scanned user extensions: 7
[2018-10-16 05:27:00.637] [sharedprocess] [info] Scanned user extensions: 7
[2018-10-16 05:32:00.649] [sharedprocess] [info] Scanned user extensions: 7
[2018-10-16 05:37:00.659] [sharedprocess] [info] Scanned user extensions: 7
[2018-10-16 05:42:00.670] [sharedprocess] [info] Scanned user extensions: 7
[2018-10-16 05:47:00.685] [sharedprocess] [info] Scanned user extensions: 7
[2018-10-16 05:52:00.696] [sharedprocess] [info] Scanned user extensions: 7
[2018-10-16 05:57:00.709] [sharedprocess] [info] Scanned user extensions: 7
[2018-10-16 06:02:00.718] [sharedprocess] [info] Scanned user extensions: 7
[2018-10-16 06:07:00.730] [sharedprocess] [info] Scanned user extensions: 7
[2018-10-16 06:12:00.911] [sharedprocess] [info] Scanned user extensions: 7
[2018-10-16 06:17:00.927] [sharedprocess] [info] Scanned user extensions: 7
[2018-10-16 06:22:00.937] [sharedprocess] [info] Scanned user extensions: 7
[2018-10-16 06:27:00.947] [sharedprocess] [info] Scanned user extensions: 7
[2018-10-16 06:32:00.959] [sharedprocess] [info] Scanned user extensions: 7
[2018-10-16 06:37:00.972] [sharedprocess] [info] Scanned user extensions: 7
[2018-10-16 06:42:00.983] [sharedprocess] [info] Scanned user extensions: 7
[2018-10-16 06:47:00.993] [sharedprocess] [info] Scanned user extensions: 7
[2018-10-16 06:52:01.004] [sharedprocess] [info] Scanned user extensions: 7
[2018-10-16 06:57:01.019] [sharedprocess] [info] Scanned user extensions: 7
[2018-10-16 07:02:01.030] [sharedprocess] [info] Scanned user extensions: 7
[2018-10-16 07:07:01.042] [sharedprocess] [info] Scanned user extensions: 7
[2018-10-16 07:12:01.192] [sharedprocess] [info] Scanned user extensions: 7
[2018-10-16 07:17:01.204] [sharedprocess] [info] Scanned user extensions: 7
[2018-10-16 07:22:01.215] [sharedprocess] [info] Scanned user extensions: 7
[2018-10-16 07:27:01.228] [sharedprocess] [info] Scanned user extensions: 7
[2018-10-16 07:32:01.238] [sharedprocess] [info] Scanned user extensions: 7
[2018-10-16 07:37:01.251] [sharedprocess] [info] Scanned user extensions: 7
[2018-10-16 07:42:01.261] [sharedprocess] [info] Scanned user extensions: 7
[2018-10-16 07:47:01.270] [sharedprocess] [info] Scanned user extensions: 7
[2018-10-16 07:52:01.282] [sharedprocess] [info] Scanned user extensions: 7
[2018-10-16 07:57:01.293] [sharedprocess] [info] Scanned user extensions: 7
[2018-10-16 08:02:01.302] [sharedprocess] [info] Scanned user extensions: 7
[2018-10-16 08:07:01.313] [sharedprocess] [info] Scanned user extensions: 7
[2018-10-16 08:12:01.452] [sharedprocess] [info] Scanned user extensions: 7
[2018-10-16 08:17:01.462] [sharedprocess] [info] Scanned user extensions: 7
[2018-10-16 08:22:01.470] [sharedprocess] [info] Scanned user extensions: 7
[2018-10-16 08:27:01.483] [sharedprocess] [info] Scanned user extensions: 7
[2018-10-16 08:32:01.494] [sharedprocess] [info] Scanned user extensions: 7
[2018-10-16 08:37:01.506] [sharedprocess] [info] Scanned user extensions: 7
[2018-10-16 08:42:01.522] [sharedprocess] [info] Scanned user extensions: 7
[2018-10-16 08:47:01.536] [sharedprocess] [info] Scanned user extensions: 7
[2018-10-16 08:52:01.547] [sharedprocess] [info] Scanned user extensions: 7
[2018-10-16 08:57:01.560] [sharedprocess] [info] Scanned user extensions: 7
[2018-10-16 09:02:01.570] [sharedprocess] [info] Scanned user extensions: 7
[2018-10-16 09:07:01.582] [sharedprocess] [info] Scanned user extensions: 7
[2018-10-16 09:12:01.709] [sharedprocess] [info] Scanned user extensions: 7
[2018-10-16 09:17:01.719] [sharedprocess] [info] Scanned user extensions: 7
[2018-10-16 09:22:01.727] [sharedprocess] [info] Scanned user extensions: 7
[2018-10-16 09:27:01.742] [sharedprocess] [info] Scanned user extensions: 7
[2018-10-16 09:32:01.752] [sharedprocess] [info] Scanned user extensions: 7
[2018-10-16 09:37:01.767] [sharedprocess] [info] Scanned user extensions: 7
[2018-10-16 09:42:01.779] [sharedprocess] [info] Scanned user extensions: 7
[2018-10-16 09:47:01.790] [sharedprocess] [info] Scanned user extensions: 7
[2018-10-16 09:52:01.804] [sharedprocess] [info] Scanned user extensions: 7
[2018-10-16 09:57:01.819] [sharedprocess] [info] Scanned user extensions: 7
[2018-10-16 10:02:01.831] [sharedprocess] [info] Scanned user extensions: 7
[2018-10-16 10:07:01.845] [sharedprocess] [info] Scanned user extensions: 7
[2018-10-16 10:12:01.963] [sharedprocess] [info] Scanned user extensions: 7
[2018-10-16 10:17:01.974] [sharedprocess] [info] Scanned user extensions: 7
[2018-10-16 10:22:01.986] [sharedprocess] [info] Scanned user extensions: 7
[2018-10-16 10:27:02.000] [sharedprocess] [info] Scanned user extensions: 7
[2018-10-16 10:32:02.009] [sharedprocess] [info] Scanned user extensions: 7
[2018-10-16 10:37:02.023] [sharedprocess] [info] Scanned user extensions: 7
[2018-10-16 10:42:02.034] [sharedprocess] [info] Scanned user extensions: 7
[2018-10-16 10:47:02.042] [sharedprocess] [info] Scanned user extensions: 7
[2018-10-16 10:52:02.052] [sharedprocess] [info] Scanned user extensions: 7
[2018-10-16 10:57:02.063] [sharedprocess] [info] Scanned user extensions: 7
[2018-10-16 11:02:02.075] [sharedprocess] [info] Scanned user extensions: 7
[2018-10-16 11:07:02.087] [sharedprocess] [info] Scanned user extensions: 7
[2018-10-16 11:12:02.216] [sharedprocess] [info] Scanned user extensions: 7
[2018-10-16 11:17:02.228] [sharedprocess] [info] Scanned user extensions: 7
[2018-10-16 11:22:02.239] [sharedprocess] [info] Scanned user extensions: 7
[2018-10-16 11:27:02.250] [sharedprocess] [info] Scanned user extensions: 7
[2018-10-16 11:32:02.259] [sharedprocess] [info] Scanned user extensions: 7
[2018-10-16 11:37:02.270] [sharedprocess] [info] Scanned user extensions: 7
[2018-10-16 11:42:02.283] [sharedprocess] [info] Scanned user extensions: 7
[2018-10-16 11:47:02.293] [sharedprocess] [info] Scanned user extensions: 7
[2018-10-16 11:52:02.308] [sharedprocess] [info] Scanned user extensions: 7
[2018-10-16 11:57:02.317] [sharedprocess] [info] Scanned user extensions: 7
[2018-10-16 12:02:02.326] [sharedprocess] [info] Scanned user extensions: 7
[2018-10-16 12:07:02.337] [sharedprocess] [info] Scanned user extensions: 7
[2018-10-16 12:12:02.471] [sharedprocess] [info] Scanned user extensions: 7
[2018-10-16 12:17:02.484] [sharedprocess] [info] Scanned user extensions: 7
[2018-10-16 12:22:02.489] [sharedprocess] [info] Scanned user extensions: 7
[2018-10-16 12:27:02.500] [sharedprocess] [info] Scanned user extensions: 7
[2018-10-16 12:32:02.510] [sharedprocess] [info] Scanned user extensions: 7
[2018-10-16 12:37:02.520] [sharedprocess] [info] Scanned user extensions: 7
[2018-10-16 12:42:02.530] [sharedprocess] [info] Scanned user extensions: 7
[2018-10-16 12:47:02.537] [sharedprocess] [info] Scanned user extensions: 7
[2018-10-16 12:52:02.547] [sharedprocess] [info] Scanned user extensions: 7
[2018-10-16 12:57:02.569] [sharedprocess] [info] Scanned user extensions: 7
[2018-10-16 13:02:02.578] [sharedprocess] [info] Scanned user extensions: 7
[2018-10-16 13:07:02.589] [sharedprocess] [info] Scanned user extensions: 7
[2018-10-16 13:12:02.713] [sharedprocess] [info] Scanned user extensions: 7
[2018-10-16 13:17:02.725] [sharedprocess] [info] Scanned user extensions: 7
[2018-10-16 13:22:02.740] [sharedprocess] [info] Scanned user extensions: 7
[2018-10-16 13:27:02.752] [sharedprocess] [info] Scanned user extensions: 7
[2018-10-16 13:32:02.758] [sharedprocess] [info] Scanned user extensions: 7
[2018-10-16 13:37:02.773] [sharedprocess] [info] Scanned user extensions: 7
[2018-10-16 13:42:02.781] [sharedprocess] [info] Scanned user extensions: 7
[2018-10-16 13:47:02.795] [sharedprocess] [info] Scanned user extensions: 7
[2018-10-16 13:52:02.802] [sharedprocess] [info] Scanned user extensions: 7
[2018-10-16 13:57:02.811] [sharedprocess] [info] Scanned user extensions: 7
[2018-10-16 14:02:02.823] [sharedprocess] [info] Scanned user extensions: 7
[2018-10-16 14:07:02.832] [sharedprocess] [info] Scanned user extensions: 7
[2018-10-16 14:12:02.965] [sharedprocess] [info] Scanned user extensions: 7
[2018-10-16 14:17:02.977] [sharedprocess] [info] Scanned user extensions: 7
[2018-10-16 14:22:02.988] [sharedprocess] [info] Scanned user extensions: 7
[2018-10-16 14:27:03.000] [sharedprocess] [info] Scanned user extensions: 7
[2018-10-16 14:32:03.011] [sharedprocess] [info] Scanned user extensions: 7
[2018-10-16 14:37:03.023] [sharedprocess] [info] Scanned user extensions: 7
[2018-10-16 14:42:03.032] [sharedprocess] [info] Scanned user extensions: 7
[2018-10-16 14:47:03.044] [sharedprocess] [info] Scanned user extensions: 7
[2018-10-16 14:52:03.056] [sharedprocess] [info] Scanned user extensions: 7
[2018-10-16 14:57:03.067] [sharedprocess] [info] Scanned user extensions: 7
[2018-10-16 15:02:03.080] [sharedprocess] [info] Scanned user extensions: 7
[2018-10-16 15:07:03.091] [sharedprocess] [info] Scanned user extensions: 7
[2018-10-16 15:12:03.217] [sharedprocess] [info] Scanned user extensions: 7
[2018-10-16 15:17:03.232] [sharedprocess] [info] Scanned user extensions: 7
[2018-10-16 15:22:03.241] [sharedprocess] [info] Scanned user extensions: 7
[2018-10-16 15:27:03.252] [sharedprocess] [info] Scanned user extensions: 7
[2018-10-16 15:32:03.266] [sharedprocess] [info] Scanned user extensions: 7
[2018-10-16 15:37:03.276] [sharedprocess] [info] Scanned user extensions: 7
[2018-10-16 15:42:03.287] [sharedprocess] [info] Scanned user extensions: 7
[2018-10-16 15:47:03.297] [sharedprocess] [info] Scanned user extensions: 7
[2018-10-16 15:52:03.308] [sharedprocess] [info] Scanned user extensions: 7
[2018-10-16 15:57:03.319] [sharedprocess] [info] Scanned user extensions: 7
[2018-10-16 16:02:03.330] [sharedprocess] [info] Scanned user extensions: 7
[2018-10-16 16:07:03.342] [sharedprocess] [info] Scanned user extensions: 7
[2018-10-16 16:12:03.551] [sharedprocess] [info] Scanned user extensions: 7
[2018-10-16 16:17:03.561] [sharedprocess] [info] Scanned user extensions: 7
[2018-10-16 16:22:03.572] [sharedprocess] [info] Scanned user extensions: 7
[2018-10-16 16:27:03.584] [sharedprocess] [info] Scanned user extensions: 7
[2018-10-16 16:32:03.597] [sharedprocess] [info] Scanned user extensions: 7
[2018-10-16 16:37:03.610] [sharedprocess] [info] Scanned user extensions: 7
[2018-10-16 16:42:03.623] [sharedprocess] [info] Scanned user extensions: 7
[2018-10-16 16:47:03.635] [sharedprocess] [info] Scanned user extensions: 7
[2018-10-16 16:52:03.644] [sharedprocess] [info] Scanned user extensions: 7
[2018-10-16 16:57:03.651] [sharedprocess] [info] Scanned user extensions: 7
[2018-10-16 17:02:03.656] [sharedprocess] [info] Scanned user extensions: 7
[2018-10-16 17:07:03.660] [sharedprocess] [info] Scanned user extensions: 7
[2018-10-16 17:12:03.789] [sharedprocess] [info] Scanned user extensions: 7
[2018-10-16 17:17:03.799] [sharedprocess] [info] Scanned user extensions: 7
[2018-10-16 17:22:03.810] [sharedprocess] [info] Scanned user extensions: 7
[2018-10-16 17:27:03.823] [sharedprocess] [info] Scanned user extensions: 7
[2018-10-16 17:32:03.835] [sharedprocess] [info] Scanned user extensions: 7
[2018-10-16 17:37:03.844] [sharedprocess] [info] Scanned user extensions: 7
[2018-10-16 17:42:03.858] [sharedprocess] [info] Scanned user extensions: 7
[2018-10-16 17:47:03.868] [sharedprocess] [info] Scanned user extensions: 7
[2018-10-16 17:52:03.876] [sharedprocess] [info] Scanned user extensions: 7
[2018-10-16 17:57:03.885] [sharedprocess] [info] Scanned user extensions: 7
[2018-10-16 18:02:03.895] [sharedprocess] [info] Scanned user extensions: 7
[2018-10-16 18:07:03.908] [sharedprocess] [info] Scanned user extensions: 7
[2018-10-16 18:12:04.070] [sharedprocess] [info] Scanned user extensions: 7
[2018-10-16 18:17:04.082] [sharedprocess] [info] Scanned user extensions: 7
[2018-10-16 18:22:04.092] [sharedprocess] [info] Scanned user extensions: 7
[2018-10-16 18:27:04.104] [sharedprocess] [info] Scanned user extensions: 7
[2018-10-16 18:32:04.115] [sharedprocess] [info] Scanned user extensions: 7
[2018-10-16 18:37:04.124] [sharedprocess] [info] Scanned user extensions: 7
[2018-10-16 18:42:04.137] [sharedprocess] [info] Scanned user extensions: 7
[2018-10-16 18:47:04.145] [sharedprocess] [info] Scanned user extensions: 7
[2018-10-16 18:52:04.158] [sharedprocess] [info] Scanned user extensions: 7
[2018-10-16 18:57:04.171] [sharedprocess] [info] Scanned user extensions: 7
[2018-10-16 19:02:04.179] [sharedprocess] [info] Scanned user extensions: 7
[2018-10-16 19:07:04.190] [sharedprocess] [info] Scanned user extensions: 7
[2018-10-16 19:12:04.385] [sharedprocess] [info] Scanned user extensions: 7
[2018-10-16 19:17:04.396] [sharedprocess] [info] Scanned user extensions: 7
[2018-10-16 19:22:04.406] [sharedprocess] [info] Scanned user extensions: 7
[2018-10-16 19:27:04.421] [sharedprocess] [info] Scanned user extensions: 7
[2018-10-16 19:32:04.432] [sharedprocess] [info] Scanned user extensions: 7
[2018-10-16 19:37:04.442] [sharedprocess] [info] Scanned user extensions: 7
[2018-10-16 19:42:04.455] [sharedprocess] [info] Scanned user extensions: 7
[2018-10-16 19:47:04.466] [sharedprocess] [info] Scanned user extensions: 7
[2018-10-16 19:52:04.476] [sharedprocess] [info] Scanned user extensions: 7
[2018-10-16 19:57:04.488] [sharedprocess] [info] Scanned user extensions: 7
[2018-10-16 20:02:04.498] [sharedprocess] [info] Scanned user extensions: 7
[2018-10-16 20:07:04.505] [sharedprocess] [info] Scanned user extensions: 7
[2018-10-16 20:12:04.657] [sharedprocess] [info] Scanned user extensions: 7
[2018-10-16 20:17:04.669] [sharedprocess] [info] Scanned user extensions: 7
[2018-10-16 20:22:04.682] [sharedprocess] [info] Scanned user extensions: 7
[2018-10-16 20:27:04.693] [sharedprocess] [info] Scanned user extensions: 7
[2018-10-16 20:32:04.705] [sharedprocess] [info] Scanned user extensions: 7
[2018-10-16 20:37:04.717] [sharedprocess] [info] Scanned user extensions: 7
[2018-10-16 20:42:04.727] [sharedprocess] [info] Scanned user extensions: 7
[2018-10-16 20:47:04.737] [sharedprocess] [info] Scanned user extensions: 7
[2018-10-16 20:52:04.745] [sharedprocess] [info] Scanned user extensions: 7
[2018-10-16 20:57:04.754] [sharedprocess] [info] Scanned user extensions: 7
[2018-10-16 21:02:04.767] [sharedprocess] [info] Scanned user extensions: 7
[2018-10-16 21:07:04.777] [sharedprocess] [info] Scanned user extensions: 7
[2018-10-16 21:12:04.906] [sharedprocess] [info] Scanned user extensions: 7
[2018-10-16 21:17:04.920] [sharedprocess] [info] Scanned user extensions: 7
[2018-10-16 21:22:04.929] [sharedprocess] [info] Scanned user extensions: 7
[2018-10-16 21:27:04.937] [sharedprocess] [info] Scanned user extensions: 7
[2018-10-16 21:32:04.948] [sharedprocess] [info] Scanned user extensions: 7
[2018-10-16 21:37:04.958] [sharedprocess] [info] Scanned user extensions: 7
[2018-10-16 21:42:04.972] [sharedprocess] [info] Scanned user extensions: 7
[2018-10-16 21:47:04.983] [sharedprocess] [info] Scanned user extensions: 7
[2018-10-16 21:52:04.994] [sharedprocess] [info] Scanned user extensions: 7
[2018-10-16 21:57:05.007] [sharedprocess] [info] Scanned user extensions: 7
[2018-10-16 22:02:05.012] [sharedprocess] [info] Scanned user extensions: 7
[2018-10-16 22:07:05.019] [sharedprocess] [info] Scanned user extensions: 7
[2018-10-16 22:12:05.161] [sharedprocess] [info] Scanned user extensions: 7
[2018-10-16 22:17:05.173] [sharedprocess] [info] Scanned user extensions: 7
[2018-10-16 22:22:05.186] [sharedprocess] [info] Scanned user extensions: 7
[2018-10-16 22:27:05.200] [sharedprocess] [info] Scanned user extensions: 7
[2018-10-16 22:32:05.208] [sharedprocess] [info] Scanned user extensions: 7
[2018-10-16 22:37:05.219] [sharedprocess] [info] Scanned user extensions: 7
[2018-10-16 22:42:05.234] [sharedprocess] [info] Scanned user extensions: 7
[2018-10-16 22:47:05.245] [sharedprocess] [info] Scanned user extensions: 7
[2018-10-16 22:52:05.258] [sharedprocess] [info] Scanned user extensions: 7
[2018-10-16 22:57:05.269] [sharedprocess] [info] Scanned user extensions: 7
[2018-10-16 23:02:05.280] [sharedprocess] [info] Scanned user extensions: 7
[2018-10-16 23:07:05.292] [sharedprocess] [info] Scanned user extensions: 7
[2018-10-16 23:12:05.431] [sharedprocess] [info] Scanned user extensions: 7
[2018-10-16 23:17:05.441] [sharedprocess] [info] Scanned user extensions: 7
[2018-10-16 23:22:05.452] [sharedprocess] [info] Scanned user extensions: 7
[2018-10-16 23:27:05.463] [sharedprocess] [info] Scanned user extensions: 7
[2018-10-16 23:32:05.479] [sharedprocess] [info] Scanned user extensions: 7
[2018-10-16 23:37:05.488] [sharedprocess] [info] Scanned user extensions: 7
[2018-10-16 23:42:05.504] [sharedprocess] [info] Scanned user extensions: 7
[2018-10-16 23:47:05.514] [sharedprocess] [info] Scanned user extensions: 7
[2018-10-16 23:52:05.526] [sharedprocess] [info] Scanned user extensions: 7
[2018-10-16 23:57:05.536] [sharedprocess] [info] Scanned user extensions: 7
[2018-10-17 00:02:05.548] [sharedprocess] [info] Scanned user extensions: 7
[2018-10-17 00:07:05.560] [sharedprocess] [info] Scanned user extensions: 7
[2018-10-17 00:12:05.685] [sharedprocess] [info] Scanned user extensions: 7
[2018-10-17 00:17:05.695] [sharedprocess] [info] Scanned user extensions: 7
[2018-10-17 00:22:05.709] [sharedprocess] [info] Scanned user extensions: 7
[2018-10-17 00:27:05.718] [sharedprocess] [info] Scanned user extensions: 7
[2018-10-17 00:32:05.728] [sharedprocess] [info] Scanned user extensions: 7
[2018-10-17 00:37:05.738] [sharedprocess] [info] Scanned user extensions: 7
[2018-10-17 00:42:05.750] [sharedprocess] [info] Scanned user extensions: 7
[2018-10-17 00:47:05.759] [sharedprocess] [info] Scanned user extensions: 7
[2018-10-17 00:52:05.771] [sharedprocess] [info] Scanned user extensions: 7
[2018-10-17 00:57:05.781] [sharedprocess] [info] Scanned user extensions: 7
[2018-10-17 01:02:05.799] [sharedprocess] [info] Scanned user extensions: 7
[2018-10-17 01:07:05.807] [sharedprocess] [info] Scanned user extensions: 7
[2018-10-17 01:12:05.947] [sharedprocess] [info] Scanned user extensions: 7
[2018-10-17 01:17:05.959] [sharedprocess] [info] Scanned user extensions: 7
[2018-10-17 01:22:05.969] [sharedprocess] [info] Scanned user extensions: 7
[2018-10-17 01:27:05.981] [sharedprocess] [info] Scanned user extensions: 7
[2018-10-17 01:32:05.993] [sharedprocess] [info] Scanned user extensions: 7
[2018-10-17 01:37:06.004] [sharedprocess] [info] Scanned user extensions: 7
[2018-10-17 01:42:06.010] [sharedprocess] [info] Scanned user extensions: 7
[2018-10-17 01:47:06.021] [sharedprocess] [info] Scanned user extensions: 7
[2018-10-17 01:52:06.031] [sharedprocess] [info] Scanned user extensions: 7
[2018-10-17 01:57:06.040] [sharedprocess] [info] Scanned user extensions: 7
[2018-10-17 02:02:06.051] [sharedprocess] [info] Scanned user extensions: 7
[2018-10-17 02:07:06.058] [sharedprocess] [info] Scanned user extensions: 7
[2018-10-17 02:12:06.202] [sharedprocess] [info] Scanned user extensions: 7
[2018-10-17 02:17:06.216] [sharedprocess] [info] Scanned user extensions: 7
[2018-10-17 02:22:06.227] [sharedprocess] [info] Scanned user extensions: 7
[2018-10-17 02:27:06.240] [sharedprocess] [info] Scanned user extensions: 7
[2018-10-17 02:32:06.254] [sharedprocess] [info] Scanned user extensions: 7
[2018-10-17 02:37:06.265] [sharedprocess] [info] Scanned user extensions: 7
[2018-10-17 02:42:06.272] [sharedprocess] [info] Scanned user extensions: 7
[2018-10-17 02:47:06.283] [sharedprocess] [info] Scanned user extensions: 7
[2018-10-17 02:52:06.293] [sharedprocess] [info] Scanned user extensions: 7
[2018-10-17 02:57:06.304] [sharedprocess] [info] Scanned user extensions: 7
[2018-10-17 03:02:06.315] [sharedprocess] [info] Scanned user extensions: 7
[2018-10-17 03:07:06.327] [sharedprocess] [info] Scanned user extensions: 7
[2018-10-17 03:12:06.455] [sharedprocess] [info] Scanned user extensions: 7
[2018-10-17 03:17:06.472] [sharedprocess] [info] Scanned user extensions: 7
[2018-10-17 03:22:06.481] [sharedprocess] [info] Scanned user extensions: 7
[2018-10-17 03:27:06.489] [sharedprocess] [info] Scanned user extensions: 7
[2018-10-17 03:32:06.503] [sharedprocess] [info] Scanned user extensions: 7
[2018-10-17 03:37:06.511] [sharedprocess] [info] Scanned user extensions: 7
[2018-10-17 03:42:06.527] [sharedprocess] [info] Scanned user extensions: 7
[2018-10-17 03:47:06.536] [sharedprocess] [info] Scanned user extensions: 7
[2018-10-17 03:52:06.548] [sharedprocess] [info] Scanned user extensions: 7
[2018-10-17 03:57:06.559] [sharedprocess] [info] Scanned user extensions: 7
[2018-10-17 04:02:06.568] [sharedprocess] [info] Scanned user extensions: 7
[2018-10-17 04:07:06.574] [sharedprocess] [info] Scanned user extensions: 7
[2018-10-17 04:12:06.732] [sharedprocess] [info] Scanned user extensions: 7
[2018-10-17 04:17:06.747] [sharedprocess] [info] Scanned user extensions: 7
[2018-10-17 04:22:06.755] [sharedprocess] [info] Scanned user extensions: 7
[2018-10-17 04:27:06.767] [sharedprocess] [info] Scanned user extensions: 7
[2018-10-17 04:32:06.779] [sharedprocess] [info] Scanned user extensions: 7
[2018-10-17 04:37:06.788] [sharedprocess] [info] Scanned user extensions: 7
[2018-10-17 04:42:06.803] [sharedprocess] [info] Scanned user extensions: 7
[2018-10-17 04:47:06.810] [sharedprocess] [info] Scanned user extensions: 7
[2018-10-17 04:52:06.822] [sharedprocess] [info] Scanned user extensions: 7
[2018-10-17 04:57:06.834] [sharedprocess] [info] Scanned user extensions: 7
[2018-10-17 05:02:06.848] [sharedprocess] [info] Scanned user extensions: 7
[2018-10-17 05:07:06.860] [sharedprocess] [info] Scanned user extensions: 7
[2018-10-17 05:12:07.016] [sharedprocess] [info] Scanned user extensions: 7
[2018-10-17 05:17:07.028] [sharedprocess] [info] Scanned user extensions: 7
[2018-10-17 05:22:07.041] [sharedprocess] [info] Scanned user extensions: 7
[2018-10-17 05:27:07.051] [sharedprocess] [info] Scanned user extensions: 7
[2018-10-17 05:32:07.057] [sharedprocess] [info] Scanned user extensions: 7
[2018-10-17 05:37:07.065] [sharedprocess] [info] Scanned user extensions: 7
[2018-10-17 05:42:07.079] [sharedprocess] [info] Scanned user extensions: 7
[2018-10-17 05:47:07.091] [sharedprocess] [info] Scanned user extensions: 7
[2018-10-17 05:52:07.104] [sharedprocess] [info] Scanned user extensions: 7
[2018-10-17 05:57:07.112] [sharedprocess] [info] Scanned user extensions: 7
[2018-10-17 06:02:07.122] [sharedprocess] [info] Scanned user extensions: 7
[2018-10-17 06:07:07.133] [sharedprocess] [info] Scanned user extensions: 7
[2018-10-17 06:12:07.314] [sharedprocess] [info] Scanned user extensions: 7
[2018-10-17 06:17:07.326] [sharedprocess] [info] Scanned user extensions: 7
[2018-10-17 06:22:07.337] [sharedprocess] [info] Scanned user extensions: 7
[2018-10-17 06:27:07.351] [sharedprocess] [info] Scanned user extensions: 7
[2018-10-17 06:32:07.360] [sharedprocess] [info] Scanned user extensions: 7
[2018-10-17 06:37:07.373] [sharedprocess] [info] Scanned user extensions: 7
[2018-10-17 06:42:07.382] [sharedprocess] [info] Scanned user extensions: 7
[2018-10-17 06:47:07.392] [sharedprocess] [info] Scanned user extensions: 7
[2018-10-17 06:52:07.405] [sharedprocess] [info] Scanned user extensions: 7
[2018-10-17 06:57:07.416] [sharedprocess] [info] Scanned user extensions: 7
[2018-10-17 07:02:07.423] [sharedprocess] [info] Scanned user extensions: 7
[2018-10-17 07:07:07.433] [sharedprocess] [info] Scanned user extensions: 7
[2018-10-17 07:12:07.556] [sharedprocess] [info] Scanned user extensions: 7
[2018-10-17 07:17:07.569] [sharedprocess] [info] Scanned user extensions: 7
[2018-10-17 07:22:07.578] [sharedprocess] [info] Scanned user extensions: 7
[2018-10-17 07:27:07.589] [sharedprocess] [info] Scanned user extensions: 7
[2018-10-17 07:32:07.600] [sharedprocess] [info] Scanned user extensions: 7
[2018-10-17 07:37:07.611] [sharedprocess] [info] Scanned user extensions: 7
[2018-10-17 07:42:07.623] [sharedprocess] [info] Scanned user extensions: 7
[2018-10-17 07:47:07.636] [sharedprocess] [info] Scanned user extensions: 7
[2018-10-17 07:52:07.648] [sharedprocess] [info] Scanned user extensions: 7
[2018-10-17 07:57:07.659] [sharedprocess] [info] Scanned user extensions: 7
[2018-10-17 08:02:07.673] [sharedprocess] [info] Scanned user extensions: 7
[2018-10-17 08:07:07.683] [sharedprocess] [info] Scanned user extensions: 7
[2018-10-17 08:12:07.827] [sharedprocess] [info] Scanned user extensions: 7
[2018-10-17 08:17:07.838] [sharedprocess] [info] Scanned user extensions: 7
[2018-10-17 08:22:07.850] [sharedprocess] [info] Scanned user extensions: 7
[2018-10-17 08:27:07.862] [sharedprocess] [info] Scanned user extensions: 7
[2018-10-17 08:32:07.873] [sharedprocess] [info] Scanned user extensions: 7
[2018-10-17 08:37:07.887] [sharedprocess] [info] Scanned user extensions: 7
[2018-10-17 08:42:07.894] [sharedprocess] [info] Scanned user extensions: 7
[2018-10-17 08:47:07.901] [sharedprocess] [info] Scanned user extensions: 7
[2018-10-17 08:52:07.910] [sharedprocess] [info] Scanned user extensions: 7
[2018-10-17 08:57:07.920] [sharedprocess] [info] Scanned user extensions: 7
[2018-10-17 09:02:07.931] [sharedprocess] [info] Scanned user extensions: 7
[2018-10-17 09:07:07.941] [sharedprocess] [info] Scanned user extensions: 7
[2018-10-17 09:12:08.132] [sharedprocess] [info] Scanned user extensions: 7
[2018-10-17 09:17:08.141] [sharedprocess] [info] Scanned user extensions: 7
[2018-10-17 09:22:08.152] [sharedprocess] [info] Scanned user extensions: 7
[2018-10-17 09:27:08.164] [sharedprocess] [info] Scanned user extensions: 7
[2018-10-17 09:32:08.175] [sharedprocess] [info] Scanned user extensions: 7
[2018-10-17 09:37:08.180] [sharedprocess] [info] Scanned user extensions: 7
[2018-10-17 09:42:08.189] [sharedprocess] [info] Scanned user extensions: 7
[2018-10-17 09:47:08.203] [sharedprocess] [info] Scanned user extensions: 7
[2018-10-17 09:52:08.216] [sharedprocess] [info] Scanned user extensions: 7
[2018-10-17 09:57:08.228] [sharedprocess] [info] Scanned user extensions: 7
[2018-10-17 10:02:08.239] [sharedprocess] [info] Scanned user extensions: 7
[2018-10-17 10:07:08.252] [sharedprocess] [info] Scanned user extensions: 7
[2018-10-17 10:12:08.433] [sharedprocess] [info] Scanned user extensions: 7
[2018-10-17 10:17:08.445] [sharedprocess] [info] Scanned user extensions: 7
[2018-10-17 10:22:08.455] [sharedprocess] [info] Scanned user extensions: 7
[2018-10-17 10:27:08.467] [sharedprocess] [info] Scanned user extensions: 7
[2018-10-17 10:32:08.481] [sharedprocess] [info] Scanned user extensions: 7
[2018-10-17 10:37:08.492] [sharedprocess] [info] Scanned user extensions: 7
[2018-10-17 10:42:08.504] [sharedprocess] [info] Scanned user extensions: 7
[2018-10-17 10:47:08.515] [sharedprocess] [info] Scanned user extensions: 7
[2018-10-17 10:52:08.523] [sharedprocess] [info] Scanned user extensions: 7
[2018-10-17 10:57:08.533] [sharedprocess] [info] Scanned user extensions: 7
[2018-10-17 11:02:08.544] [sharedprocess] [info] Scanned user extensions: 7
[2018-10-17 11:07:08.556] [sharedprocess] [info] Scanned user extensions: 7
[2018-10-17 11:12:08.704] [sharedprocess] [info] Scanned user extensions: 7
[2018-10-17 11:17:08.716] [sharedprocess] [info] Scanned user extensions: 7
[2018-10-17 11:22:08.727] [sharedprocess] [info] Scanned user extensions: 7
[2018-10-17 11:27:08.736] [sharedprocess] [info] Scanned user extensions: 7
[2018-10-17 11:32:08.743] [sharedprocess] [info] Scanned user extensions: 7
[2018-10-17 11:37:08.755] [sharedprocess] [info] Scanned user extensions: 7
[2018-10-17 11:42:08.764] [sharedprocess] [info] Scanned user extensions: 7
[2018-10-17 11:47:08.775] [sharedprocess] [info] Scanned user extensions: 7
[2018-10-17 11:52:08.782] [sharedprocess] [info] Scanned user extensions: 7
[2018-10-17 11:57:08.792] [sharedprocess] [info] Scanned user extensions: 7
[2018-10-17 12:02:08.801] [sharedprocess] [info] Scanned user extensions: 7
[2018-10-17 12:07:08.811] [sharedprocess] [info] Scanned user extensions: 7
[2018-10-17 12:12:08.967] [sharedprocess] [info] Scanned user extensions: 7
[2018-10-17 12:17:08.981] [sharedprocess] [info] Scanned user extensions: 7
[2018-10-17 12:22:08.992] [sharedprocess] [info] Scanned user extensions: 7
[2018-10-17 12:27:09.004] [sharedprocess] [info] Scanned user extensions: 7
[2018-10-17 12:32:09.014] [sharedprocess] [info] Scanned user extensions: 7
[2018-10-17 12:37:09.024] [sharedprocess] [info] Scanned user extensions: 7
[2018-10-17 12:42:09.036] [sharedprocess] [info] Scanned user extensions: 7
[2018-10-17 12:47:09.046] [sharedprocess] [info] Scanned user extensions: 7
[2018-10-17 12:52:09.057] [sharedprocess] [info] Scanned user extensions: 7
[2018-10-17 12:57:09.066] [sharedprocess] [info] Scanned user extensions: 7
[2018-10-17 13:02:09.078] [sharedprocess] [info] Scanned user extensions: 7
[2018-10-17 13:07:09.088] [sharedprocess] [info] Scanned user extensions: 7
[2018-10-17 13:12:09.423] [sharedprocess] [info] Scanned user extensions: 7
[2018-10-17 13:17:09.433] [sharedprocess] [info] Scanned user extensions: 7
[2018-10-17 13:22:09.444] [sharedprocess] [info] Scanned user extensions: 7
[2018-10-17 13:27:09.454] [sharedprocess] [info] Scanned user extensions: 7
[2018-10-17 13:32:09.464] [sharedprocess] [info] Scanned user extensions: 7
[2018-10-17 13:37:09.475] [sharedprocess] [info] Scanned user extensions: 7
[2018-10-17 13:42:09.488] [sharedprocess] [info] Scanned user extensions: 7
[2018-10-17 13:47:09.498] [sharedprocess] [info] Scanned user extensions: 7
[2018-10-17 13:52:09.512] [sharedprocess] [info] Scanned user extensions: 7
[2018-10-17 13:57:09.522] [sharedprocess] [info] Scanned user extensions: 7
[2018-10-17 14:02:09.534] [sharedprocess] [info] Scanned user extensions: 7
[2018-10-17 14:07:09.543] [sharedprocess] [info] Scanned user extensions: 7
[2018-10-17 14:12:09.747] [sharedprocess] [info] Scanned user extensions: 7
[2018-10-17 14:17:09.753] [sharedprocess] [info] Scanned user extensions: 7
[2018-10-17 14:22:09.761] [sharedprocess] [info] Scanned user extensions: 7
[2018-10-17 14:27:09.772] [sharedprocess] [info] Scanned user extensions: 7
[2018-10-17 14:32:09.784] [sharedprocess] [info] Scanned user extensions: 7
[2018-10-17 14:37:09.796] [sharedprocess] [info] Scanned user extensions: 7
[2018-10-17 14:42:09.809] [sharedprocess] [info] Scanned user extensions: 7
[2018-10-17 14:47:09.820] [sharedprocess] [info] Scanned user extensions: 7
[2018-10-17 14:52:09.834] [sharedprocess] [info] Scanned user extensions: 7
[2018-10-17 14:57:09.844] [sharedprocess] [info] Scanned user extensions: 7
[2018-10-17 15:02:09.853] [sharedprocess] [info] Scanned user extensions: 7
[2018-10-17 15:07:09.865] [sharedprocess] [info] Scanned user extensions: 7
[2018-10-17 15:12:10.022] [sharedprocess] [info] Scanned user extensions: 7
[2018-10-17 15:17:10.029] [sharedprocess] [info] Scanned user extensions: 7
[2018-10-17 15:22:10.040] [sharedprocess] [info] Scanned user extensions: 7
[2018-10-17 15:27:10.047] [sharedprocess] [info] Scanned user extensions: 7
[2018-10-17 15:32:10.054] [sharedprocess] [info] Scanned user extensions: 7
[2018-10-17 15:37:10.062] [sharedprocess] [info] Scanned user extensions: 7
[2018-10-17 15:42:10.072] [sharedprocess] [info] Scanned user extensions: 7
[2018-10-17 15:47:10.079] [sharedprocess] [info] Scanned user extensions: 7
[2018-10-17 15:52:10.093] [sharedprocess] [info] Scanned user extensions: 7
[2018-10-17 15:57:10.103] [sharedprocess] [info] Scanned user extensions: 7
[2018-10-17 16:02:10.116] [sharedprocess] [info] Scanned user extensions: 7
[2018-10-17 16:07:10.128] [sharedprocess] [info] Scanned user extensions: 7
[2018-10-17 16:12:10.306] [sharedprocess] [info] Scanned user extensions: 7
[2018-10-17 16:17:10.321] [sharedprocess] [info] Scanned user extensions: 7
[2018-10-17 16:22:10.328] [sharedprocess] [info] Scanned user extensions: 7
[2018-10-17 16:27:10.335] [sharedprocess] [info] Scanned user extensions: 7
[2018-10-17 16:32:10.342] [sharedprocess] [info] Scanned user extensions: 7
[2018-10-17 16:37:10.350] [sharedprocess] [info] Scanned user extensions: 7
[2018-10-17 16:42:10.357] [sharedprocess] [info] Scanned user extensions: 7
[2018-10-17 16:47:10.365] [sharedprocess] [info] Scanned user extensions: 7
[2018-10-17 16:52:10.373] [sharedprocess] [info] Scanned user extensions: 7
[2018-10-17 16:57:10.382] [sharedprocess] [info] Scanned user extensions: 7
[2018-10-17 17:02:10.389] [sharedprocess] [info] Scanned user extensions: 7
[2018-10-17 17:07:10.397] [sharedprocess] [info] Scanned user extensions: 7
[2018-10-17 17:12:10.552] [sharedprocess] [info] Scanned user extensions: 7
[2018-10-17 17:17:10.557] [sharedprocess] [info] Scanned user extensions: 7
[2018-10-17 17:22:10.565] [sharedprocess] [info] Scanned user extensions: 7
[2018-10-17 17:27:10.574] [sharedprocess] [info] Scanned user extensions: 7
[2018-10-17 17:32:10.581] [sharedprocess] [info] Scanned user extensions: 7
[2018-10-17 17:37:10.588] [sharedprocess] [info] Scanned user extensions: 7
[2018-10-17 17:42:10.596] [sharedprocess] [info] Scanned user extensions: 7
[2018-10-17 17:47:10.604] [sharedprocess] [info] Scanned user extensions: 7
[2018-10-17 17:52:10.632] [sharedprocess] [info] Scanned user extensions: 7
[2018-10-17 17:57:10.641] [sharedprocess] [info] Scanned user extensions: 7
[2018-10-17 18:02:10.648] [sharedprocess] [info] Scanned user extensions: 7
[2018-10-17 18:07:10.654] [sharedprocess] [info] Scanned user extensions: 7
[2018-10-17 18:12:10.792] [sharedprocess] [info] Scanned user extensions: 7
[2018-10-17 18:17:10.800] [sharedprocess] [info] Scanned user extensions: 7
[2018-10-17 18:22:10.807] [sharedprocess] [info] Scanned user extensions: 7
[2018-10-17 18:27:10.811] [sharedprocess] [info] Scanned user extensions: 7
[2018-10-17 18:32:10.817] [sharedprocess] [info] Scanned user extensions: 7
[2018-10-17 18:37:10.827] [sharedprocess] [info] Scanned user extensions: 7
[2018-10-17 18:42:10.831] [sharedprocess] [info] Scanned user extensions: 7
[2018-10-17 18:47:10.839] [sharedprocess] [info] Scanned user extensions: 7
[2018-10-17 18:52:10.847] [sharedprocess] [info] Scanned user extensions: 7
[2018-10-17 18:57:10.855] [sharedprocess] [info] Scanned user extensions: 7
[2018-10-17 19:02:10.863] [sharedprocess] [info] Scanned user extensions: 7
[2018-10-17 19:07:10.869] [sharedprocess] [info] Scanned user extensions: 7
[2018-10-17 19:12:11.013] [sharedprocess] [info] Scanned user extensions: 7
[2018-10-17 19:17:11.021] [sharedprocess] [info] Scanned user extensions: 7
[2018-10-17 19:22:11.028] [sharedprocess] [info] Scanned user extensions: 7
[2018-10-17 19:27:11.035] [sharedprocess] [info] Scanned user extensions: 7
[2018-10-17 19:32:11.044] [sharedprocess] [info] Scanned user extensions: 7
[2018-10-17 19:37:11.052] [sharedprocess] [info] Scanned user extensions: 7
[2018-10-17 19:42:11.060] [sharedprocess] [info] Scanned user extensions: 7
[2018-10-17 19:47:11.067] [sharedprocess] [info] Scanned user extensions: 7
[2018-10-17 19:52:11.080] [sharedprocess] [info] Scanned user extensions: 7
[2018-10-17 19:57:11.088] [sharedprocess] [info] Scanned user extensions: 7
[2018-10-17 20:02:11.095] [sharedprocess] [info] Scanned user extensions: 7
[2018-10-17 20:07:11.101] [sharedprocess] [info] Scanned user extensions: 7
[2018-10-17 20:12:11.214] [sharedprocess] [info] Scanned user extensions: 7
[2018-10-17 20:17:11.224] [sharedprocess] [info] Scanned user extensions: 7
[2018-10-17 20:22:11.235] [sharedprocess] [info] Scanned user extensions: 7
[2018-10-17 20:27:11.248] [sharedprocess] [info] Scanned user extensions: 7
[2018-10-17 20:32:11.258] [sharedprocess] [info] Scanned user extensions: 7
[2018-10-17 20:37:11.270] [sharedprocess] [info] Scanned user extensions: 7
[2018-10-17 20:42:11.283] [sharedprocess] [info] Scanned user extensions: 7
[2018-10-17 20:47:11.296] [sharedprocess] [info] Scanned user extensions: 7
[2018-10-17 20:52:11.308] [sharedprocess] [info] Scanned user extensions: 7
[2018-10-17 20:57:11.321] [sharedprocess] [info] Scanned user extensions: 7
[2018-10-17 21:02:11.333] [sharedprocess] [info] Scanned user extensions: 7
[2018-10-17 21:07:11.346] [sharedprocess] [info] Scanned user extensions: 7
[2018-10-17 21:12:11.514] [sharedprocess] [info] Scanned user extensions: 7
[2018-10-17 21:17:11.528] [sharedprocess] [info] Scanned user extensions: 7
[2018-10-17 21:22:11.538] [sharedprocess] [info] Scanned user extensions: 7
[2018-10-17 21:27:11.548] [sharedprocess] [info] Scanned user extensions: 7
[2018-10-17 21:32:11.560] [sharedprocess] [info] Scanned user extensions: 7
[2018-10-17 21:37:11.572] [sharedprocess] [info] Scanned user extensions: 7
[2018-10-17 21:42:11.585] [sharedprocess] [info] Scanned user extensions: 7
[2018-10-17 21:47:11.595] [sharedprocess] [info] Scanned user extensions: 7
[2018-10-17 21:52:11.607] [sharedprocess] [info] Scanned user extensions: 7
[2018-10-17 21:57:11.620] [sharedprocess] [info] Scanned user extensions: 7
[2018-10-17 22:02:11.635] [sharedprocess] [info] Scanned user extensions: 7
[2018-10-17 22:07:11.646] [sharedprocess] [info] Scanned user extensions: 7
[2018-10-17 22:12:11.785] [sharedprocess] [info] Scanned user extensions: 7
[2018-10-17 22:17:11.799] [sharedprocess] [info] Scanned user extensions: 7
[2018-10-17 22:22:11.806] [sharedprocess] [info] Scanned user extensions: 7
[2018-10-17 22:27:11.818] [sharedprocess] [info] Scanned user extensions: 7
[2018-10-17 22:32:11.833] [sharedprocess] [info] Scanned user extensions: 7
[2018-10-17 22:37:11.845] [sharedprocess] [info] Scanned user extensions: 7
[2018-10-17 22:42:11.859] [sharedprocess] [info] Scanned user extensions: 7
[2018-10-17 22:47:11.869] [sharedprocess] [info] Scanned user extensions: 7
[2018-10-17 22:52:11.881] [sharedprocess] [info] Scanned user extensions: 7
[2018-10-17 22:57:11.893] [sharedprocess] [info] Scanned user extensions: 7
[2018-10-17 23:02:11.902] [sharedprocess] [info] Scanned user extensions: 7
[2018-10-17 23:07:11.908] [sharedprocess] [info] Scanned user extensions: 7
[2018-10-17 23:12:12.111] [sharedprocess] [info] Scanned user extensions: 7
[2018-10-17 23:17:12.125] [sharedprocess] [info] Scanned user extensions: 7
[2018-10-17 23:22:12.136] [sharedprocess] [info] Scanned user extensions: 7
[2018-10-17 23:27:12.151] [sharedprocess] [info] Scanned user extensions: 7
[2018-10-17 23:32:12.162] [sharedprocess] [info] Scanned user extensions: 7
[2018-10-17 23:37:12.190] [sharedprocess] [info] Scanned user extensions: 7
[2018-10-17 23:42:12.200] [sharedprocess] [info] Scanned user extensions: 7
[2018-10-17 23:47:12.207] [sharedprocess] [info] Scanned user extensions: 7
[2018-10-17 23:52:12.219] [sharedprocess] [info] Scanned user extensions: 7
[2018-10-17 23:57:12.231] [sharedprocess] [info] Scanned user extensions: 7
[2018-10-18 00:02:12.242] [sharedprocess] [info] Scanned user extensions: 7
[2018-10-18 00:07:12.255] [sharedprocess] [info] Scanned user extensions: 7
[2018-10-18 00:12:12.427] [sharedprocess] [info] Scanned user extensions: 7
[2018-10-18 00:17:12.437] [sharedprocess] [info] Scanned user extensions: 7
[2018-10-18 00:22:12.451] [sharedprocess] [info] Scanned user extensions: 7
[2018-10-18 00:27:12.463] [sharedprocess] [info] Scanned user extensions: 7
[2018-10-18 00:32:12.478] [sharedprocess] [info] Scanned user extensions: 7
[2018-10-18 00:37:12.491] [sharedprocess] [info] Scanned user extensions: 7
[2018-10-18 00:42:12.506] [sharedprocess] [info] Scanned user extensions: 7
[2018-10-18 00:47:12.518] [sharedprocess] [info] Scanned user extensions: 7
[2018-10-18 00:52:12.531] [sharedprocess] [info] Scanned user extensions: 7
[2018-10-18 00:57:12.543] [sharedprocess] [info] Scanned user extensions: 7
[2018-10-18 01:02:12.558] [sharedprocess] [info] Scanned user extensions: 7
[2018-10-18 01:07:12.571] [sharedprocess] [info] Scanned user extensions: 7
[2018-10-18 01:12:12.751] [sharedprocess] [info] Scanned user extensions: 7
[2018-10-18 01:17:12.765] [sharedprocess] [info] Scanned user extensions: 7
[2018-10-18 01:22:12.776] [sharedprocess] [info] Scanned user extensions: 7
[2018-10-18 01:27:12.783] [sharedprocess] [info] Scanned user extensions: 7
[2018-10-18 01:32:12.797] [sharedprocess] [info] Scanned user extensions: 7
[2018-10-18 01:37:12.809] [sharedprocess] [info] Scanned user extensions: 7
[2018-10-18 01:42:12.822] [sharedprocess] [info] Scanned user extensions: 7
[2018-10-18 01:47:12.833] [sharedprocess] [info] Scanned user extensions: 7
[2018-10-18 01:52:12.844] [sharedprocess] [info] Scanned user extensions: 7
[2018-10-18 01:57:12.860] [sharedprocess] [info] Scanned user extensions: 7
[2018-10-18 02:02:12.874] [sharedprocess] [info] Scanned user extensions: 7
[2018-10-18 02:07:12.885] [sharedprocess] [info] Scanned user extensions: 7
[2018-10-18 02:12:13.024] [sharedprocess] [info] Scanned user extensions: 7
[2018-10-18 02:17:13.036] [sharedprocess] [info] Scanned user extensions: 7
[2018-10-18 02:22:13.043] [sharedprocess] [info] Scanned user extensions: 7
[2018-10-18 02:27:13.054] [sharedprocess] [info] Scanned user extensions: 7
[2018-10-18 02:32:13.068] [sharedprocess] [info] Scanned user extensions: 7
[2018-10-18 02:37:13.078] [sharedprocess] [info] Scanned user extensions: 7
[2018-10-18 02:42:13.089] [sharedprocess] [info] Scanned user extensions: 7
[2018-10-18 02:47:13.105] [sharedprocess] [info] Scanned user extensions: 7
[2018-10-18 02:52:13.114] [sharedprocess] [info] Scanned user extensions: 7
[2018-10-18 02:57:13.127] [sharedprocess] [info] Scanned user extensions: 7
[2018-10-18 03:02:13.136] [sharedprocess] [info] Scanned user extensions: 7
[2018-10-18 03:07:13.148] [sharedprocess] [info] Scanned user extensions: 7
[2018-10-18 03:12:13.277] [sharedprocess] [info] Scanned user extensions: 7
[2018-10-18 03:17:13.292] [sharedprocess] [info] Scanned user extensions: 7
[2018-10-18 03:22:13.301] [sharedprocess] [info] Scanned user extensions: 7
[2018-10-18 03:27:13.313] [sharedprocess] [info] Scanned user extensions: 7
[2018-10-18 03:32:13.324] [sharedprocess] [info] Scanned user extensions: 7
[2018-10-18 03:37:13.332] [sharedprocess] [info] Scanned user extensions: 7
[2018-10-18 03:42:13.344] [sharedprocess] [info] Scanned user extensions: 7
[2018-10-18 03:47:13.351] [sharedprocess] [info] Scanned user extensions: 7
[2018-10-18 03:52:13.356] [sharedprocess] [info] Scanned user extensions: 7
[2018-10-18 03:57:13.367] [sharedprocess] [info] Scanned user extensions: 7
[2018-10-18 04:02:13.377] [sharedprocess] [info] Scanned user extensions: 7
[2018-10-18 04:07:13.386] [sharedprocess] [info] Scanned user extensions: 7
[2018-10-18 04:12:13.512] [sharedprocess] [info] Scanned user extensions: 7
[2018-10-18 04:17:13.524] [sharedprocess] [info] Scanned user extensions: 7
[2018-10-18 04:22:13.540] [sharedprocess] [info] Scanned user extensions: 7
[2018-10-18 04:27:13.550] [sharedprocess] [info] Scanned user extensions: 7
[2018-10-18 04:32:13.562] [sharedprocess] [info] Scanned user extensions: 7
[2018-10-18 04:37:13.575] [sharedprocess] [info] Scanned user extensions: 7
[2018-10-18 04:42:13.588] [sharedprocess] [info] Scanned user extensions: 7
[2018-10-18 04:47:13.599] [sharedprocess] [info] Scanned user extensions: 7
[2018-10-18 04:52:13.610] [sharedprocess] [info] Scanned user extensions: 7
[2018-10-18 04:57:13.625] [sharedprocess] [info] Scanned user extensions: 7
[2018-10-18 05:02:13.634] [sharedprocess] [info] Scanned user extensions: 7
[2018-10-18 05:07:13.647] [sharedprocess] [info] Scanned user extensions: 7
[2018-10-18 05:12:13.793] [sharedprocess] [info] Scanned user extensions: 7
[2018-10-18 05:17:13.809] [sharedprocess] [info] Scanned user extensions: 7
[2018-10-18 05:22:13.820] [sharedprocess] [info] Scanned user extensions: 7
[2018-10-18 05:27:13.833] [sharedprocess] [info] Scanned user extensions: 7
[2018-10-18 05:32:13.848] [sharedprocess] [info] Scanned user extensions: 7
[2018-10-18 05:37:13.859] [sharedprocess] [info] Scanned user extensions: 7
[2018-10-18 05:42:13.870] [sharedprocess] [info] Scanned user extensions: 7
[2018-10-18 05:47:13.881] [sharedprocess] [info] Scanned user extensions: 7
[2018-10-18 05:52:13.894] [sharedprocess] [info] Scanned user extensions: 7
[2018-10-18 05:57:13.910] [sharedprocess] [info] Scanned user extensions: 7
[2018-10-18 06:02:13.920] [sharedprocess] [info] Scanned user extensions: 7
[2018-10-18 06:07:13.933] [sharedprocess] [info] Scanned user extensions: 7
[2018-10-18 06:12:14.053] [sharedprocess] [info] Scanned user extensions: 7
[2018-10-18 06:17:14.067] [sharedprocess] [info] Scanned user extensions: 7
[2018-10-18 06:22:14.077] [sharedprocess] [info] Scanned user extensions: 7
[2018-10-18 06:27:14.089] [sharedprocess] [info] Scanned user extensions: 7
[2018-10-18 06:32:14.099] [sharedprocess] [info] Scanned user extensions: 7
[2018-10-18 06:37:14.111] [sharedprocess] [info] Scanned user extensions: 7
[2018-10-18 06:42:14.123] [sharedprocess] [info] Scanned user extensions: 7
[2018-10-18 06:47:14.136] [sharedprocess] [info] Scanned user extensions: 7
[2018-10-18 06:52:14.148] [sharedprocess] [info] Scanned user extensions: 7
[2018-10-18 06:57:14.159] [sharedprocess] [info] Scanned user extensions: 7
[2018-10-18 07:02:14.174] [sharedprocess] [info] Scanned user extensions: 7
[2018-10-18 07:07:14.181] [sharedprocess] [info] Scanned user extensions: 7
[2018-10-18 07:12:14.304] [sharedprocess] [info] Scanned user extensions: 7
[2018-10-18 07:17:14.322] [sharedprocess] [info] Scanned user extensions: 7
[2018-10-18 07:22:14.334] [sharedprocess] [info] Scanned user extensions: 7
[2018-10-18 07:27:14.346] [sharedprocess] [info] Scanned user extensions: 7
[2018-10-18 07:32:14.356] [sharedprocess] [info] Scanned user extensions: 7
[2018-10-18 07:37:14.368] [sharedprocess] [info] Scanned user extensions: 7
[2018-10-18 07:42:14.379] [sharedprocess] [info] Scanned user extensions: 7
[2018-10-18 07:47:14.392] [sharedprocess] [info] Scanned user extensions: 7
[2018-10-18 07:52:14.403] [sharedprocess] [info] Scanned user extensions: 7
[2018-10-18 07:57:14.415] [sharedprocess] [info] Scanned user extensions: 7
[2018-10-18 08:02:14.427] [sharedprocess] [info] Scanned user extensions: 7
[2018-10-18 08:07:14.438] [sharedprocess] [info] Scanned user extensions: 7
[2018-10-18 08:12:14.594] [sharedprocess] [info] Scanned user extensions: 7
[2018-10-18 08:17:14.608] [sharedprocess] [info] Scanned user extensions: 7
[2018-10-18 08:22:14.619] [sharedprocess] [info] Scanned user extensions: 7
[2018-10-18 08:27:14.632] [sharedprocess] [info] Scanned user extensions: 7
[2018-10-18 08:32:14.645] [sharedprocess] [info] Scanned user extensions: 7
[2018-10-18 08:37:14.657] [sharedprocess] [info] Scanned user extensions: 7
[2018-10-18 08:42:14.668] [sharedprocess] [info] Scanned user extensions: 7
[2018-10-18 08:47:14.678] [sharedprocess] [info] Scanned user extensions: 7
[2018-10-18 08:52:14.689] [sharedprocess] [info] Scanned user extensions: 7
[2018-10-18 08:57:14.702] [sharedprocess] [info] Scanned user extensions: 7
[2018-10-18 09:02:14.712] [sharedprocess] [info] Scanned user extensions: 7
[2018-10-18 09:07:14.725] [sharedprocess] [info] Scanned user extensions: 7
[2018-10-18 09:12:14.873] [sharedprocess] [info] Scanned user extensions: 7
[2018-10-18 09:17:14.885] [sharedprocess] [info] Scanned user extensions: 7
[2018-10-18 09:22:14.896] [sharedprocess] [info] Scanned user extensions: 7
[2018-10-18 09:27:14.908] [sharedprocess] [info] Scanned user extensions: 7
[2018-10-18 09:32:14.920] [sharedprocess] [info] Scanned user extensions: 7
[2018-10-18 09:37:14.932] [sharedprocess] [info] Scanned user extensions: 7
[2018-10-18 09:42:14.942] [sharedprocess] [info] Scanned user extensions: 7
[2018-10-18 09:47:14.956] [sharedprocess] [info] Scanned user extensions: 7
[2018-10-18 09:52:14.969] [sharedprocess] [info] Scanned user extensions: 7
[2018-10-18 09:57:14.980] [sharedprocess] [info] Scanned user extensions: 7
[2018-10-18 10:02:14.992] [sharedprocess] [info] Scanned user extensions: 7
[2018-10-18 10:07:15.004] [sharedprocess] [info] Scanned user extensions: 7
[2018-10-18 10:12:15.136] [sharedprocess] [info] Scanned user extensions: 7
[2018-10-18 10:17:15.150] [sharedprocess] [info] Scanned user extensions: 7
[2018-10-18 10:22:15.159] [sharedprocess] [info] Scanned user extensions: 7
[2018-10-18 10:27:15.172] [sharedprocess] [info] Scanned user extensions: 7
[2018-10-18 10:32:15.184] [sharedprocess] [info] Scanned user extensions: 7
[2018-10-18 10:37:15.196] [sharedprocess] [info] Scanned user extensions: 7
[2018-10-18 10:42:15.207] [sharedprocess] [info] Scanned user extensions: 7
[2018-10-18 10:47:15.221] [sharedprocess] [info] Scanned user extensions: 7
[2018-10-18 10:52:15.233] [sharedprocess] [info] Scanned user extensions: 7
[2018-10-18 10:57:15.245] [sharedprocess] [info] Scanned user extensions: 7
[2018-10-18 11:02:15.253] [sharedprocess] [info] Scanned user extensions: 7
[2018-10-18 11:07:15.264] [sharedprocess] [info] Scanned user extensions: 7
[2018-10-18 11:12:15.426] [sharedprocess] [info] Scanned user extensions: 7
[2018-10-18 11:17:15.437] [sharedprocess] [info] Scanned user extensions: 7
[2018-10-18 11:22:15.449] [sharedprocess] [info] Scanned user extensions: 7
[2018-10-18 11:27:15.460] [sharedprocess] [info] Scanned user extensions: 7
[2018-10-18 11:32:15.471] [sharedprocess] [info] Scanned user extensions: 7
[2018-10-18 11:37:15.484] [sharedprocess] [info] Scanned user extensions: 7
[2018-10-18 11:42:15.495] [sharedprocess] [info] Scanned user extensions: 7
[2018-10-18 11:47:15.506] [sharedprocess] [info] Scanned user extensions: 7
[2018-10-18 11:52:15.519] [sharedprocess] [info] Scanned user extensions: 7
[2018-10-18 11:57:15.530] [sharedprocess] [info] Scanned user extensions: 7
[2018-10-18 12:02:15.539] [sharedprocess] [info] Scanned user extensions: 7
[2018-10-18 12:07:15.550] [sharedprocess] [info] Scanned user extensions: 7
[2018-10-18 12:12:15.716] [sharedprocess] [info] Scanned user extensions: 7
[2018-10-18 12:17:15.726] [sharedprocess] [info] Scanned user extensions: 7
[2018-10-18 12:22:15.740] [sharedprocess] [info] Scanned user extensions: 7
[2018-10-18 12:27:15.751] [sharedprocess] [info] Scanned user extensions: 7
[2018-10-18 12:32:15.763] [sharedprocess] [info] Scanned user extensions: 7
[2018-10-18 12:37:15.773] [sharedprocess] [info] Scanned user extensions: 7
[2018-10-18 12:42:15.781] [sharedprocess] [info] Scanned user extensions: 7
[2018-10-18 12:47:15.795] [sharedprocess] [info] Scanned user extensions: 7
[2018-10-18 12:52:15.836] [sharedprocess] [info] Scanned user extensions: 7
[2018-10-18 12:57:15.860] [sharedprocess] [info] Scanned user extensions: 7
[2018-10-18 13:02:15.872] [sharedprocess] [info] Scanned user extensions: 7
[2018-10-18 13:07:15.884] [sharedprocess] [info] Scanned user extensions: 7
[2018-10-18 13:12:16.041] [sharedprocess] [info] Scanned user extensions: 7
[2018-10-18 13:17:16.054] [sharedprocess] [info] Scanned user extensions: 7
[2018-10-18 13:22:16.066] [sharedprocess] [info] Scanned user extensions: 7
[2018-10-18 13:27:16.079] [sharedprocess] [info] Scanned user extensions: 7
[2018-10-18 13:32:16.091] [sharedprocess] [info] Scanned user extensions: 7
[2018-10-18 13:37:16.102] [sharedprocess] [info] Scanned user extensions: 7
[2018-10-18 13:42:16.113] [sharedprocess] [info] Scanned user extensions: 7
[2018-10-18 13:47:16.118] [sharedprocess] [info] Scanned user extensions: 7
[2018-10-18 13:52:16.128] [sharedprocess] [info] Scanned user extensions: 7
[2018-10-18 13:57:16.137] [sharedprocess] [info] Scanned user extensions: 7
[2018-10-18 14:02:16.142] [sharedprocess] [info] Scanned user extensions: 7
[2018-10-18 14:07:16.147] [sharedprocess] [info] Scanned user extensions: 7
[2018-10-18 14:12:16.267] [sharedprocess] [info] Scanned user extensions: 7
[2018-10-18 14:17:16.278] [sharedprocess] [info] Scanned user extensions: 7
[2018-10-18 14:22:16.289] [sharedprocess] [info] Scanned user extensions: 7
[2018-10-18 14:27:16.304] [sharedprocess] [info] Scanned user extensions: 7
[2018-10-18 14:32:16.312] [sharedprocess] [info] Scanned user extensions: 7
[2018-10-18 14:37:16.322] [sharedprocess] [info] Scanned user extensions: 7
[2018-10-18 14:42:16.332] [sharedprocess] [info] Scanned user extensions: 7
[2018-10-18 14:47:16.342] [sharedprocess] [info] Scanned user extensions: 7
[2018-10-18 14:52:16.347] [sharedprocess] [info] Scanned user extensions: 7
[2018-10-18 14:57:16.359] [sharedprocess] [info] Scanned user extensions: 7
[2018-10-18 15:02:16.373] [sharedprocess] [info] Scanned user extensions: 7
[2018-10-18 15:07:16.385] [sharedprocess] [info] Scanned user extensions: 7
[2018-10-18 15:12:16.539] [sharedprocess] [info] Scanned user extensions: 7
[2018-10-18 15:17:16.553] [sharedprocess] [info] Scanned user extensions: 7
[2018-10-18 15:22:16.562] [sharedprocess] [info] Scanned user extensions: 7
[2018-10-18 15:27:16.573] [sharedprocess] [info] Scanned user extensions: 7
[2018-10-18 15:32:16.584] [sharedprocess] [info] Scanned user extensions: 7
[2018-10-18 15:37:16.595] [sharedprocess] [info] Scanned user extensions: 7
[2018-10-18 15:42:16.610] [sharedprocess] [info] Scanned user extensions: 7
[2018-10-18 15:47:16.619] [sharedprocess] [info] Scanned user extensions: 7
[2018-10-18 15:52:16.630] [sharedprocess] [info] Scanned user extensions: 7
[2018-10-18 15:57:16.640] [sharedprocess] [info] Scanned user extensions: 7
[2018-10-18 16:02:16.651] [sharedprocess] [info] Scanned user extensions: 7
[2018-10-18 16:07:16.665] [sharedprocess] [info] Scanned user extensions: 7
[2018-10-18 16:12:16.788] [sharedprocess] [info] Scanned user extensions: 7
[2018-10-18 16:17:16.799] [sharedprocess] [info] Scanned user extensions: 7
[2018-10-18 16:22:16.809] [sharedprocess] [info] Scanned user extensions: 7
[2018-10-18 16:27:16.820] [sharedprocess] [info] Scanned user extensions: 7
[2018-10-18 16:32:16.831] [sharedprocess] [info] Scanned user extensions: 7
[2018-10-18 16:37:16.842] [sharedprocess] [info] Scanned user extensions: 7
[2018-10-18 16:42:16.853] [sharedprocess] [info] Scanned user extensions: 7
[2018-10-18 16:47:16.865] [sharedprocess] [info] Scanned user extensions: 7
[2018-10-18 16:52:16.875] [sharedprocess] [info] Scanned user extensions: 7
[2018-10-18 16:57:16.886] [sharedprocess] [info] Scanned user extensions: 7
[2018-10-18 17:02:16.897] [sharedprocess] [info] Scanned user extensions: 7
[2018-10-18 17:07:16.909] [sharedprocess] [info] Scanned user extensions: 7
[2018-10-18 17:12:17.071] [sharedprocess] [info] Scanned user extensions: 7
[2018-10-18 17:17:17.083] [sharedprocess] [info] Scanned user extensions: 7
[2018-10-18 17:22:17.094] [sharedprocess] [info] Scanned user extensions: 7
[2018-10-18 17:27:17.108] [sharedprocess] [info] Scanned user extensions: 7
[2018-10-18 17:32:17.117] [sharedprocess] [info] Scanned user extensions: 7
[2018-10-18 17:37:17.129] [sharedprocess] [info] Scanned user extensions: 7
[2018-10-18 17:42:17.138] [sharedprocess] [info] Scanned user extensions: 7
[2018-10-18 17:47:17.149] [sharedprocess] [info] Scanned user extensions: 7
[2018-10-18 17:52:17.156] [sharedprocess] [info] Scanned user extensions: 7
[2018-10-18 17:57:17.168] [sharedprocess] [info] Scanned user extensions: 7
[2018-10-18 18:02:17.179] [sharedprocess] [info] Scanned user extensions: 7
[2018-10-18 18:07:17.191] [sharedprocess] [info] Scanned user extensions: 7
[2018-10-18 18:12:17.318] [sharedprocess] [info] Scanned user extensions: 7
[2018-10-18 18:17:17.327] [sharedprocess] [info] Scanned user extensions: 7
[2018-10-18 18:22:17.340] [sharedprocess] [info] Scanned user extensions: 7
[2018-10-18 18:27:17.352] [sharedprocess] [info] Scanned user extensions: 7
[2018-10-18 18:32:17.364] [sharedprocess] [info] Scanned user extensions: 7
[2018-10-18 18:37:17.376] [sharedprocess] [info] Scanned user extensions: 7
[2018-10-18 18:42:17.388] [sharedprocess] [info] Scanned user extensions: 7
[2018-10-18 18:47:17.398] [sharedprocess] [info] Scanned user extensions: 7
[2018-10-18 18:52:17.408] [sharedprocess] [info] Scanned user extensions: 7
[2018-10-18 18:57:17.419] [sharedprocess] [info] Scanned user extensions: 7
[2018-10-18 19:02:17.430] [sharedprocess] [info] Scanned user extensions: 7
[2018-10-18 19:07:17.441] [sharedprocess] [info] Scanned user extensions: 7
[2018-10-18 19:12:17.579] [sharedprocess] [info] Scanned user extensions: 7
[2018-10-18 19:17:17.593] [sharedprocess] [info] Scanned user extensions: 7
[2018-10-18 19:22:17.600] [sharedprocess] [info] Scanned user extensions: 7
[2018-10-18 19:27:17.612] [sharedprocess] [info] Scanned user extensions: 7
[2018-10-18 19:32:17.624] [sharedprocess] [info] Scanned user extensions: 7
[2018-10-18 19:37:17.636] [sharedprocess] [info] Scanned user extensions: 7
[2018-10-18 19:42:17.651] [sharedprocess] [info] Scanned user extensions: 7
[2018-10-18 19:47:17.659] [sharedprocess] [info] Scanned user extensions: 7
[2018-10-18 19:52:17.670] [sharedprocess] [info] Scanned user extensions: 7
[2018-10-18 19:57:17.684] [sharedprocess] [info] Scanned user extensions: 7
[2018-10-18 20:02:17.697] [sharedprocess] [info] Scanned user extensions: 7
[2018-10-18 20:07:17.705] [sharedprocess] [info] Scanned user extensions: 7
[2018-10-18 20:12:17.890] [sharedprocess] [info] Scanned user extensions: 7
[2018-10-18 20:17:17.904] [sharedprocess] [info] Scanned user extensions: 7
[2018-10-18 20:22:17.915] [sharedprocess] [info] Scanned user extensions: 7
[2018-10-18 20:27:17.928] [sharedprocess] [info] Scanned user extensions: 7
[2018-10-18 20:32:17.939] [sharedprocess] [info] Scanned user extensions: 7
[2018-10-18 20:37:17.950] [sharedprocess] [info] Scanned user extensions: 7
[2018-10-18 20:42:17.961] [sharedprocess] [info] Scanned user extensions: 7
[2018-10-18 20:47:17.971] [sharedprocess] [info] Scanned user extensions: 7
[2018-10-18 20:52:17.983] [sharedprocess] [info] Scanned user extensions: 7
[2018-10-18 20:57:17.995] [sharedprocess] [info] Scanned user extensions: 7
[2018-10-18 21:02:18.007] [sharedprocess] [info] Scanned user extensions: 7
[2018-10-18 21:07:18.017] [sharedprocess] [info] Scanned user extensions: 7
[2018-10-18 21:12:18.134] [sharedprocess] [info] Scanned user extensions: 7
[2018-10-18 21:17:18.147] [sharedprocess] [info] Scanned user extensions: 7
[2018-10-18 21:22:18.159] [sharedprocess] [info] Scanned user extensions: 7
[2018-10-18 21:27:18.172] [sharedprocess] [info] Scanned user extensions: 7
[2018-10-18 21:32:18.183] [sharedprocess] [info] Scanned user extensions: 7
[2018-10-18 21:37:18.196] [sharedprocess] [info] Scanned user extensions: 7
[2018-10-18 21:42:18.207] [sharedprocess] [info] Scanned user extensions: 7
[2018-10-18 21:47:18.220] [sharedprocess] [info] Scanned user extensions: 7
[2018-10-18 21:52:18.231] [sharedprocess] [info] Scanned user extensions: 7
[2018-10-18 21:57:18.247] [sharedprocess] [info] Scanned user extensions: 7
[2018-10-18 22:02:18.258] [sharedprocess] [info] Scanned user extensions: 7
[2018-10-18 22:07:18.272] [sharedprocess] [info] Scanned user extensions: 7
[2018-10-18 22:12:18.417] [sharedprocess] [info] Scanned user extensions: 7
[2018-10-18 22:17:18.428] [sharedprocess] [info] Scanned user extensions: 7
[2018-10-18 22:22:18.434] [sharedprocess] [info] Scanned user extensions: 7
[2018-10-18 22:27:18.454] [sharedprocess] [info] Scanned user extensions: 7
[2018-10-18 22:32:18.465] [sharedprocess] [info] Scanned user extensions: 7
[2018-10-18 22:37:18.478] [sharedprocess] [info] Scanned user extensions: 7
[2018-10-18 22:42:18.491] [sharedprocess] [info] Scanned user extensions: 7
[2018-10-18 22:47:18.503] [sharedprocess] [info] Scanned user extensions: 7
[2018-10-18 22:52:18.514] [sharedprocess] [info] Scanned user extensions: 7
[2018-10-18 22:57:18.523] [sharedprocess] [info] Scanned user extensions: 7
[2018-10-18 23:02:18.533] [sharedprocess] [info] Scanned user extensions: 7
[2018-10-18 23:07:18.547] [sharedprocess] [info] Scanned user extensions: 7
[2018-10-18 23:12:18.718] [sharedprocess] [info] Scanned user extensions: 7
[2018-10-18 23:17:18.729] [sharedprocess] [info] Scanned user extensions: 7
[2018-10-18 23:22:18.741] [sharedprocess] [info] Scanned user extensions: 7
[2018-10-18 23:27:18.752] [sharedprocess] [info] Scanned user extensions: 7
[2018-10-18 23:32:18.760] [sharedprocess] [info] Scanned user extensions: 7
[2018-10-18 23:37:18.771] [sharedprocess] [info] Scanned user extensions: 7
[2018-10-18 23:42:18.782] [sharedprocess] [info] Scanned user extensions: 7
[2018-10-18 23:47:18.797] [sharedprocess] [info] Scanned user extensions: 7
[2018-10-18 23:52:18.809] [sharedprocess] [info] Scanned user extensions: 7
[2018-10-18 23:57:18.821] [sharedprocess] [info] Scanned user extensions: 7
[2018-10-19 00:02:18.833] [sharedprocess] [info] Scanned user extensions: 7
[2018-10-19 00:07:18.844] [sharedprocess] [info] Scanned user extensions: 7
[2018-10-19 00:12:18.963] [sharedprocess] [info] Scanned user extensions: 7
[2018-10-19 00:17:18.972] [sharedprocess] [info] Scanned user extensions: 7
[2018-10-19 00:22:18.982] [sharedprocess] [info] Scanned user extensions: 7
[2018-10-19 00:27:18.992] [sharedprocess] [info] Scanned user extensions: 7
[2018-10-19 00:32:19.004] [sharedprocess] [info] Scanned user extensions: 7
[2018-10-19 00:37:19.016] [sharedprocess] [info] Scanned user extensions: 7
[2018-10-19 00:42:19.027] [sharedprocess] [info] Scanned user extensions: 7
[2018-10-19 00:47:19.040] [sharedprocess] [info] Scanned user extensions: 7
[2018-10-19 00:52:19.048] [sharedprocess] [info] Scanned user extensions: 7
[2018-10-19 00:57:19.052] [sharedprocess] [info] Scanned user extensions: 7
[2018-10-19 01:02:19.061] [sharedprocess] [info] Scanned user extensions: 7
[2018-10-19 01:07:19.070] [sharedprocess] [info] Scanned user extensions: 7
[2018-10-19 01:12:19.204] [sharedprocess] [info] Scanned user extensions: 7
[2018-10-19 01:17:19.215] [sharedprocess] [info] Scanned user extensions: 7
[2018-10-19 01:22:19.227] [sharedprocess] [info] Scanned user extensions: 7
[2018-10-19 01:27:00.226] [sharedprocess] [info] Installing extension: vim
[2018-10-19 01:27:00.230] [sharedprocess] [info] Scanned user extensions: 7
[2018-10-19 01:27:01.302] [sharedprocess] [info] Downloaded extension: vim /tmp/9efcf4cc-dd59-4018-be1a-6d9ed7fb18c3
[2018-10-19 01:27:02.481] [sharedprocess] [info] Extracted extension to /home/samantha/.vscode/extensions/.vscodevim.vim-0.16.11: vscodevim.vim-0.16.11
[2018-10-19 01:27:02.481] [sharedprocess] [info] Renamed to /home/samantha/.vscode/extensions/vscodevim.vim-0.16.11
[2018-10-19 01:27:02.481] [sharedprocess] [info] Installation completed. vscodevim.vim-0.16.11
[2018-10-19 01:27:02.544] [sharedprocess] [info] Extensions installed successfully: vscodevim.vim
[2018-10-19 01:27:02.653] [sharedprocess] [info] Scanned user extensions: 7
[2018-10-19 01:27:02.707] [sharedprocess] [info] Scanned system extensions: 71
[2018-10-19 01:27:19.239] [sharedprocess] [info] Scanned user extensions: 7
[2018-10-19 01:32:19.248] [sharedprocess] [info] Scanned user extensions: 7
[2018-10-19 01:37:19.263] [sharedprocess] [info] Scanned user extensions: 7
[2018-10-19 01:42:19.275] [sharedprocess] [info] Scanned user extensions: 7
[2018-10-19 01:47:19.286] [sharedprocess] [info] Scanned user extensions: 7
[2018-10-19 01:52:19.297] [sharedprocess] [info] Scanned user extensions: 7
[2018-10-19 01:57:19.306] [sharedprocess] [info] Scanned user extensions: 7
[2018-10-19 02:02:19.316] [sharedprocess] [info] Scanned user extensions: 7
[2018-10-19 02:07:19.328] [sharedprocess] [info] Scanned user extensions: 7
[2018-10-19 02:12:19.490] [sharedprocess] [info] Scanned user extensions: 7
[2018-10-19 02:17:19.502] [sharedprocess] [info] Scanned user extensions: 7
[2018-10-19 02:22:19.513] [sharedprocess] [info] Scanned user extensions: 7
[2018-10-19 02:27:19.524] [sharedprocess] [info] Scanned user extensions: 7
[2018-10-19 02:32:19.535] [sharedprocess] [info] Scanned user extensions: 7
[2018-10-19 02:37:19.542] [sharedprocess] [info] Scanned user extensions: 7
[2018-10-19 02:42:19.550] [sharedprocess] [info] Scanned user extensions: 7
[2018-10-19 02:47:19.564] [sharedprocess] [info] Scanned user extensions: 7
[2018-10-19 02:52:19.575] [sharedprocess] [info] Scanned user extensions: 7
[2018-10-19 02:57:19.589] [sharedprocess] [info] Scanned user extensions: 7
[2018-10-19 03:02:19.598] [sharedprocess] [info] Scanned user extensions: 7
[2018-10-19 03:07:19.610] [sharedprocess] [info] Scanned user extensions: 7
[2018-10-19 03:12:19.773] [sharedprocess] [info] Scanned user extensions: 7
[2018-10-19 03:17:19.786] [sharedprocess] [info] Scanned user extensions: 7
[2018-10-19 03:22:19.798] [sharedprocess] [info] Scanned user extensions: 7
[2018-10-19 03:27:19.806] [sharedprocess] [info] Scanned user extensions: 7
[2018-10-19 03:32:19.818] [sharedprocess] [info] Scanned user extensions: 7
[2018-10-19 03:37:19.829] [sharedprocess] [info] Scanned user extensions: 7
[2018-10-19 03:42:19.841] [sharedprocess] [info] Scanned user extensions: 7
[2018-10-19 03:47:19.855] [sharedprocess] [info] Scanned user extensions: 7
[2018-10-19 03:52:19.867] [sharedprocess] [info] Scanned user extensions: 7
[2018-10-19 03:57:19.879] [sharedprocess] [info] Scanned user extensions: 7
[2018-10-19 04:02:19.891] [sharedprocess] [info] Scanned user extensions: 7
[2018-10-19 04:07:19.904] [sharedprocess] [info] Scanned user extensions: 7
[2018-10-19 04:12:20.035] [sharedprocess] [info] Scanned user extensions: 7
[2018-10-19 04:17:20.046] [sharedprocess] [info] Scanned user extensions: 7
[2018-10-19 04:22:20.057] [sharedprocess] [info] Scanned user extensions: 7
[2018-10-19 04:27:20.070] [sharedprocess] [info] Scanned user extensions: 7
[2018-10-19 04:32:20.084] [sharedprocess] [info] Scanned user extensions: 7
[2018-10-19 04:37:20.100] [sharedprocess] [info] Scanned user extensions: 7
[2018-10-19 04:42:20.110] [sharedprocess] [info] Scanned user extensions: 7
[2018-10-19 04:47:20.124] [sharedprocess] [info] Scanned user extensions: 7
[2018-10-19 04:52:20.134] [sharedprocess] [info] Scanned user extensions: 7
[2018-10-19 04:57:20.146] [sharedprocess] [info] Scanned user extensions: 7
[2018-10-19 05:02:20.158] [sharedprocess] [info] Scanned user extensions: 7
[2018-10-19 05:07:20.171] [sharedprocess] [info] Scanned user extensions: 7
[2018-10-19 05:12:20.297] [sharedprocess] [info] Scanned user extensions: 7
[2018-10-19 05:17:20.309] [sharedprocess] [info] Scanned user extensions: 7
[2018-10-19 05:22:20.316] [sharedprocess] [info] Scanned user extensions: 7
[2018-10-19 05:27:20.328] [sharedprocess] [info] Scanned user extensions: 7
[2018-10-19 05:32:20.339] [sharedprocess] [info] Scanned user extensions: 7
[2018-10-19 05:37:20.351] [sharedprocess] [info] Scanned user extensions: 7
[2018-10-19 05:42:20.362] [sharedprocess] [info] Scanned user extensions: 7
[2018-10-19 05:47:20.373] [sharedprocess] [info] Scanned user extensions: 7
[2018-10-19 05:52:20.386] [sharedprocess] [info] Scanned user extensions: 7
[2018-10-19 05:57:20.396] [sharedprocess] [info] Scanned user extensions: 7
[2018-10-19 06:02:20.405] [sharedprocess] [info] Scanned user extensions: 7
[2018-10-19 06:07:20.416] [sharedprocess] [info] Scanned user extensions: 7
[2018-10-19 06:12:20.570] [sharedprocess] [info] Scanned user extensions: 7
[2018-10-19 06:17:20.581] [sharedprocess] [info] Scanned user extensions: 7
[2018-10-19 06:22:20.593] [sharedprocess] [info] Scanned user extensions: 7
[2018-10-19 06:27:20.604] [sharedprocess] [info] Scanned user extensions: 7
[2018-10-19 06:32:20.617] [sharedprocess] [info] Scanned user extensions: 7
[2018-10-19 06:37:20.631] [sharedprocess] [info] Scanned user extensions: 7
[2018-10-19 06:42:20.640] [sharedprocess] [info] Scanned user extensions: 7
[2018-10-19 06:47:20.653] [sharedprocess] [info] Scanned user extensions: 7
[2018-10-19 06:52:20.665] [sharedprocess] [info] Scanned user extensions: 7
[2018-10-19 06:57:20.677] [sharedprocess] [info] Scanned user extensions: 7
[2018-10-19 07:02:20.689] [sharedprocess] [info] Scanned user extensions: 7
[2018-10-19 07:07:20.704] [sharedprocess] [info] Scanned user extensions: 7
[2018-10-19 07:12:20.866] [sharedprocess] [info] Scanned user extensions: 7
[2018-10-19 07:17:20.883] [sharedprocess] [info] Scanned user extensions: 7
[2018-10-19 07:22:20.894] [sharedprocess] [info] Scanned user extensions: 7
[2018-10-19 07:27:20.906] [sharedprocess] [info] Scanned user extensions: 7
[2018-10-19 07:32:20.917] [sharedprocess] [info] Scanned user extensions: 7
[2018-10-19 07:37:20.929] [sharedprocess] [info] Scanned user extensions: 7
[2018-10-19 07:42:20.940] [sharedprocess] [info] Scanned user extensions: 7
[2018-10-19 07:47:20.952] [sharedprocess] [info] Scanned user extensions: 7
[2018-10-19 07:52:20.968] [sharedprocess] [info] Scanned user extensions: 7
[2018-10-19 07:57:20.979] [sharedprocess] [info] Scanned user extensions: 7
[2018-10-19 08:02:20.987] [sharedprocess] [info] Scanned user extensions: 7
[2018-10-19 08:07:21.000] [sharedprocess] [info] Scanned user extensions: 7
[2018-10-19 08:12:21.130] [sharedprocess] [info] Scanned user extensions: 7
[2018-10-19 08:17:21.139] [sharedprocess] [info] Scanned user extensions: 7
[2018-10-19 08:22:21.151] [sharedprocess] [info] Scanned user extensions: 7
[2018-10-19 08:27:21.160] [sharedprocess] [info] Scanned user extensions: 7
[2018-10-19 08:32:21.173] [sharedprocess] [info] Scanned user extensions: 7
[2018-10-19 08:37:21.184] [sharedprocess] [info] Scanned user extensions: 7
[2018-10-19 08:42:21.200] [sharedprocess] [info] Scanned user extensions: 7
[2018-10-19 08:47:21.210] [sharedprocess] [info] Scanned user extensions: 7
[2018-10-19 08:52:21.223] [sharedprocess] [info] Scanned user extensions: 7
[2018-10-19 08:57:21.232] [sharedprocess] [info] Scanned user extensions: 7
[2018-10-19 09:02:21.247] [sharedprocess] [info] Scanned user extensions: 7
[2018-10-19 09:07:21.259] [sharedprocess] [info] Scanned user extensions: 7
[2018-10-19 09:12:21.453] [sharedprocess] [info] Scanned user extensions: 7
[2018-10-19 09:17:21.465] [sharedprocess] [info] Scanned user extensions: 7
[2018-10-19 09:22:21.475] [sharedprocess] [info] Scanned user extensions: 7
[2018-10-19 09:27:21.489] [sharedprocess] [info] Scanned user extensions: 7
[2018-10-19 09:32:21.502] [sharedprocess] [info] Scanned user extensions: 7
[2018-10-19 09:37:21.513] [sharedprocess] [info] Scanned user extensions: 7
[2018-10-19 09:42:21.524] [sharedprocess] [info] Scanned user extensions: 7
[2018-10-19 09:47:21.536] [sharedprocess] [info] Scanned user extensions: 7
[2018-10-19 09:52:21.549] [sharedprocess] [info] Scanned user extensions: 7
[2018-10-19 09:57:21.563] [sharedprocess] [info] Scanned user extensions: 7
[2018-10-19 10:02:21.573] [sharedprocess] [info] Scanned user extensions: 7
[2018-10-19 10:07:21.586] [sharedprocess] [info] Scanned user extensions: 7
[2018-10-19 10:12:21.708] [sharedprocess] [info] Scanned user extensions: 7
[2018-10-19 10:17:21.719] [sharedprocess] [info] Scanned user extensions: 7
[2018-10-19 10:22:21.730] [sharedprocess] [info] Scanned user extensions: 7
[2018-10-19 10:27:21.742] [sharedprocess] [info] Scanned user extensions: 7
[2018-10-19 10:32:21.753] [sharedprocess] [info] Scanned user extensions: 7
[2018-10-19 10:37:21.764] [sharedprocess] [info] Scanned user extensions: 7
[2018-10-19 10:42:21.774] [sharedprocess] [info] Scanned user extensions: 7
[2018-10-19 10:47:21.788] [sharedprocess] [info] Scanned user extensions: 7
[2018-10-19 10:52:21.801] [sharedprocess] [info] Scanned user extensions: 7
[2018-10-19 10:57:21.811] [sharedprocess] [info] Scanned user extensions: 7
[2018-10-19 11:02:21.823] [sharedprocess] [info] Scanned user extensions: 7
[2018-10-19 11:07:21.835] [sharedprocess] [info] Scanned user extensions: 7
[2018-10-19 11:12:21.992] [sharedprocess] [info] Scanned user extensions: 7
[2018-10-19 11:17:22.005] [sharedprocess] [info] Scanned user extensions: 7
[2018-10-19 11:22:22.014] [sharedprocess] [info] Scanned user extensions: 7
[2018-10-19 11:27:22.026] [sharedprocess] [info] Scanned user extensions: 7
[2018-10-19 11:32:22.039] [sharedprocess] [info] Scanned user extensions: 7
[2018-10-19 11:37:22.048] [sharedprocess] [info] Scanned user extensions: 7
[2018-10-19 11:42:22.061] [sharedprocess] [info] Scanned user extensions: 7
[2018-10-19 11:47:22.072] [sharedprocess] [info] Scanned user extensions: 7
[2018-10-19 11:52:22.088] [sharedprocess] [info] Scanned user extensions: 7
[2018-10-19 11:57:22.099] [sharedprocess] [info] Scanned user extensions: 7
[2018-10-19 12:02:22.111] [sharedprocess] [info] Scanned user extensions: 7
[2018-10-19 12:07:22.122] [sharedprocess] [info] Scanned user extensions: 7
[2018-10-19 12:12:23.150] [sharedprocess] [info] Scanned user extensions: 7
[2018-10-19 12:17:23.162] [sharedprocess] [info] Scanned user extensions: 7
[2018-10-19 12:22:23.176] [sharedprocess] [info] Scanned user extensions: 7
[2018-10-19 12:27:23.187] [sharedprocess] [info] Scanned user extensions: 7
[2018-10-19 12:32:23.199] [sharedprocess] [info] Scanned user extensions: 7
[2018-10-19 12:37:23.211] [sharedprocess] [info] Scanned user extensions: 7
[2018-10-19 12:42:23.223] [sharedprocess] [info] Scanned user extensions: 7
[2018-10-19 12:47:23.230] [sharedprocess] [info] Scanned user extensions: 7
[2018-10-19 12:52:23.243] [sharedprocess] [info] Scanned user extensions: 7
[2018-10-19 12:57:23.259] [sharedprocess] [info] Scanned user extensions: 7
[2018-10-19 13:02:23.275] [sharedprocess] [info] Scanned user extensions: 7
[2018-10-19 13:07:23.286] [sharedprocess] [info] Scanned user extensions: 7
[2018-10-19 13:12:23.452] [sharedprocess] [info] Scanned user extensions: 7
[2018-10-19 13:17:23.466] [sharedprocess] [info] Scanned user extensions: 7
[2018-10-19 13:22:23.478] [sharedprocess] [info] Scanned user extensions: 7
