[2018-10-15 12:36:41.362] [exthost] [info] extension host started
[2018-10-15 12:36:41.374] [exthost] [info] ExtensionService#_doActivateExtension vscode.debug-auto-launch {"startup":true,"activationEvent":"*"}
[2018-10-15 12:36:41.374] [exthost] [info] ExtensionService#loadCommonJSModule /snap/vscode/63/usr/share/code/resources/app/extensions/debug-auto-launch/dist/extension
[2018-10-15 12:36:41.379] [exthost] [info] ExtensionService#_doActivateExtension vscode.emmet {"startup":true,"activationEvent":"*"}
[2018-10-15 12:36:41.379] [exthost] [info] ExtensionService#loadCommonJSModule /snap/vscode/63/usr/share/code/resources/app/extensions/emmet/dist/extension
[2018-10-15 12:36:41.405] [exthost] [info] ExtensionService#_doActivateExtension vscode.git {"startup":true,"activationEvent":"*"}
[2018-10-15 12:36:41.405] [exthost] [info] ExtensionService#loadCommonJSModule /snap/vscode/63/usr/share/code/resources/app/extensions/git/dist/main
[2018-10-15 12:36:41.492] [exthost] [info] ExtensionService#_doActivateExtension vscode.merge-conflict {"startup":true,"activationEvent":"*"}
[2018-10-15 12:36:41.492] [exthost] [info] ExtensionService#loadCommonJSModule /snap/vscode/63/usr/share/code/resources/app/extensions/merge-conflict/dist/extension
[2018-10-15 12:36:41.496] [exthost] [info] ExtensionService#_doActivateExtension vscode.search-rg {"startup":true,"activationEvent":"*"}
[2018-10-15 12:36:41.496] [exthost] [info] ExtensionService#loadCommonJSModule /snap/vscode/63/usr/share/code/resources/app/extensions/search-rg/dist/extension
[2018-10-15 12:36:41.500] [exthost] [info] eager extensions activated
[2018-10-15 12:36:41.502] [exthost] [info] ExtensionService#_doActivateExtension vscode.html-language-features {"startup":false,"activationEvent":"onLanguage:html"}
[2018-10-15 12:36:41.502] [exthost] [info] ExtensionService#loadCommonJSModule /snap/vscode/63/usr/share/code/resources/app/extensions/html-language-features/client/dist/htmlMain
[2018-10-15 12:38:00.945] [exthost] [info] extension host started
[2018-10-15 12:38:00.958] [exthost] [info] ExtensionService#_doActivateExtension vscode.debug-auto-launch {"startup":true,"activationEvent":"*"}
[2018-10-15 12:38:00.959] [exthost] [info] ExtensionService#loadCommonJSModule /snap/vscode/63/usr/share/code/resources/app/extensions/debug-auto-launch/dist/extension
[2018-10-15 12:38:00.962] [exthost] [info] ExtensionService#_doActivateExtension vscode.emmet {"startup":true,"activationEvent":"*"}
[2018-10-15 12:38:00.962] [exthost] [info] ExtensionService#loadCommonJSModule /snap/vscode/63/usr/share/code/resources/app/extensions/emmet/dist/extension
[2018-10-15 12:38:00.985] [exthost] [info] ExtensionService#_doActivateExtension vscode.git {"startup":true,"activationEvent":"*"}
[2018-10-15 12:38:00.985] [exthost] [info] ExtensionService#loadCommonJSModule /snap/vscode/63/usr/share/code/resources/app/extensions/git/dist/main
[2018-10-15 12:38:01.063] [exthost] [info] ExtensionService#_doActivateExtension vscode.merge-conflict {"startup":true,"activationEvent":"*"}
[2018-10-15 12:38:01.063] [exthost] [info] ExtensionService#loadCommonJSModule /snap/vscode/63/usr/share/code/resources/app/extensions/merge-conflict/dist/extension
[2018-10-15 12:38:01.068] [exthost] [info] ExtensionService#_doActivateExtension vscode.search-rg {"startup":true,"activationEvent":"*"}
[2018-10-15 12:38:01.068] [exthost] [info] ExtensionService#loadCommonJSModule /snap/vscode/63/usr/share/code/resources/app/extensions/search-rg/dist/extension
[2018-10-15 12:38:01.071] [exthost] [info] eager extensions activated
[2018-10-15 12:38:22.884] [exthost] [info] extension host started
[2018-10-15 12:38:22.898] [exthost] [info] ExtensionService#_doActivateExtension vscode.debug-auto-launch {"startup":true,"activationEvent":"*"}
[2018-10-15 12:38:22.898] [exthost] [info] ExtensionService#loadCommonJSModule /snap/vscode/63/usr/share/code/resources/app/extensions/debug-auto-launch/dist/extension
[2018-10-15 12:38:22.901] [exthost] [info] ExtensionService#_doActivateExtension vscode.emmet {"startup":true,"activationEvent":"*"}
[2018-10-15 12:38:22.901] [exthost] [info] ExtensionService#loadCommonJSModule /snap/vscode/63/usr/share/code/resources/app/extensions/emmet/dist/extension
[2018-10-15 12:38:22.924] [exthost] [info] ExtensionService#_doActivateExtension vscode.git {"startup":true,"activationEvent":"*"}
[2018-10-15 12:38:22.924] [exthost] [info] ExtensionService#loadCommonJSModule /snap/vscode/63/usr/share/code/resources/app/extensions/git/dist/main
[2018-10-15 12:38:23.004] [exthost] [info] ExtensionService#_doActivateExtension vscode.merge-conflict {"startup":true,"activationEvent":"*"}
[2018-10-15 12:38:23.004] [exthost] [info] ExtensionService#loadCommonJSModule /snap/vscode/63/usr/share/code/resources/app/extensions/merge-conflict/dist/extension
[2018-10-15 12:38:23.008] [exthost] [info] ExtensionService#_doActivateExtension vscode.search-rg {"startup":true,"activationEvent":"*"}
[2018-10-15 12:38:23.008] [exthost] [info] ExtensionService#loadCommonJSModule /snap/vscode/63/usr/share/code/resources/app/extensions/search-rg/dist/extension
[2018-10-15 12:38:23.012] [exthost] [info] eager extensions activated
[2018-10-15 12:38:23.012] [exthost] [info] ExtensionService#_doActivateExtension vscode.configuration-editing {"startup":false,"activationEvent":"onLanguage:json"}
[2018-10-15 12:38:23.012] [exthost] [info] ExtensionService#loadCommonJSModule /snap/vscode/63/usr/share/code/resources/app/extensions/configuration-editing/dist/extension
[2018-10-15 12:38:23.028] [exthost] [info] ExtensionService#_doActivateExtension vscode.extension-editing {"startup":false,"activationEvent":"onLanguage:json"}
[2018-10-15 12:38:23.028] [exthost] [info] ExtensionService#loadCommonJSModule /snap/vscode/63/usr/share/code/resources/app/extensions/extension-editing/dist/extension
[2018-10-15 12:38:23.064] [exthost] [info] ExtensionService#_doActivateExtension vscode.json-language-features {"startup":false,"activationEvent":"onLanguage:json"}
[2018-10-15 12:38:23.064] [exthost] [info] ExtensionService#loadCommonJSModule /snap/vscode/63/usr/share/code/resources/app/extensions/json-language-features/client/dist/jsonMain
[2018-10-15 12:38:23.108] [exthost] [info] ExtensionService#_doActivateExtension vscode.npm {"startup":false,"activationEvent":"onLanguage:json"}
[2018-10-15 12:38:23.108] [exthost] [info] ExtensionService#loadCommonJSModule /snap/vscode/63/usr/share/code/resources/app/extensions/npm/dist/main
[2018-10-15 12:38:26.545] [exthost] [info] extension host started
[2018-10-15 12:38:26.556] [exthost] [info] ExtensionService#_doActivateExtension vscode.debug-auto-launch {"startup":true,"activationEvent":"*"}
[2018-10-15 12:38:26.556] [exthost] [info] ExtensionService#loadCommonJSModule /snap/vscode/63/usr/share/code/resources/app/extensions/debug-auto-launch/dist/extension
[2018-10-15 12:38:26.560] [exthost] [info] ExtensionService#_doActivateExtension vscode.emmet {"startup":true,"activationEvent":"*"}
[2018-10-15 12:38:26.560] [exthost] [info] ExtensionService#loadCommonJSModule /snap/vscode/63/usr/share/code/resources/app/extensions/emmet/dist/extension
[2018-10-15 12:38:26.583] [exthost] [info] ExtensionService#_doActivateExtension vscode.git {"startup":true,"activationEvent":"*"}
[2018-10-15 12:38:26.583] [exthost] [info] ExtensionService#loadCommonJSModule /snap/vscode/63/usr/share/code/resources/app/extensions/git/dist/main
[2018-10-15 12:38:26.666] [exthost] [info] ExtensionService#_doActivateExtension vscode.merge-conflict {"startup":true,"activationEvent":"*"}
[2018-10-15 12:38:26.666] [exthost] [info] ExtensionService#loadCommonJSModule /snap/vscode/63/usr/share/code/resources/app/extensions/merge-conflict/dist/extension
[2018-10-15 12:38:26.670] [exthost] [info] ExtensionService#_doActivateExtension vscode.search-rg {"startup":true,"activationEvent":"*"}
[2018-10-15 12:38:26.670] [exthost] [info] ExtensionService#loadCommonJSModule /snap/vscode/63/usr/share/code/resources/app/extensions/search-rg/dist/extension
[2018-10-15 12:38:26.673] [exthost] [info] eager extensions activated
[2018-10-15 12:38:26.674] [exthost] [info] ExtensionService#_doActivateExtension vscode.configuration-editing {"startup":false,"activationEvent":"onLanguage:json"}
[2018-10-15 12:38:26.674] [exthost] [info] ExtensionService#loadCommonJSModule /snap/vscode/63/usr/share/code/resources/app/extensions/configuration-editing/dist/extension
[2018-10-15 12:38:26.680] [exthost] [info] ExtensionService#_doActivateExtension vscode.extension-editing {"startup":false,"activationEvent":"onLanguage:json"}
[2018-10-15 12:38:26.680] [exthost] [info] ExtensionService#loadCommonJSModule /snap/vscode/63/usr/share/code/resources/app/extensions/extension-editing/dist/extension
[2018-10-15 12:38:26.707] [exthost] [info] ExtensionService#_doActivateExtension vscode.json-language-features {"startup":false,"activationEvent":"onLanguage:json"}
[2018-10-15 12:38:26.707] [exthost] [info] ExtensionService#loadCommonJSModule /snap/vscode/63/usr/share/code/resources/app/extensions/json-language-features/client/dist/jsonMain
[2018-10-15 12:38:26.746] [exthost] [info] ExtensionService#_doActivateExtension vscode.npm {"startup":false,"activationEvent":"onLanguage:json"}
[2018-10-15 12:38:26.746] [exthost] [info] ExtensionService#loadCommonJSModule /snap/vscode/63/usr/share/code/resources/app/extensions/npm/dist/main
[2018-10-15 12:38:37.241] [exthost] [info] ExtensionService#_doActivateExtension vscode.typescript-language-features {"startup":false,"activationEvent":"onLanguage:jsonc"}
[2018-10-15 12:38:37.241] [exthost] [info] ExtensionService#loadCommonJSModule /snap/vscode/63/usr/share/code/resources/app/extensions/typescript-language-features/dist/extension
[2018-10-15 12:48:49.509] [exthost] [info] extension host started
[2018-10-15 12:48:49.520] [exthost] [info] ExtensionService#_doActivateExtension vscode.debug-auto-launch {"startup":true,"activationEvent":"*"}
[2018-10-15 12:48:49.520] [exthost] [info] ExtensionService#loadCommonJSModule /snap/vscode/63/usr/share/code/resources/app/extensions/debug-auto-launch/dist/extension
[2018-10-15 12:48:49.525] [exthost] [info] ExtensionService#_doActivateExtension vscode.emmet {"startup":true,"activationEvent":"*"}
[2018-10-15 12:48:49.525] [exthost] [info] ExtensionService#loadCommonJSModule /snap/vscode/63/usr/share/code/resources/app/extensions/emmet/dist/extension
[2018-10-15 12:48:49.549] [exthost] [info] ExtensionService#_doActivateExtension vscode.git {"startup":true,"activationEvent":"*"}
[2018-10-15 12:48:49.549] [exthost] [info] ExtensionService#loadCommonJSModule /snap/vscode/63/usr/share/code/resources/app/extensions/git/dist/main
[2018-10-15 12:48:49.632] [exthost] [info] ExtensionService#_doActivateExtension vscode.merge-conflict {"startup":true,"activationEvent":"*"}
[2018-10-15 12:48:49.632] [exthost] [info] ExtensionService#loadCommonJSModule /snap/vscode/63/usr/share/code/resources/app/extensions/merge-conflict/dist/extension
[2018-10-15 12:48:49.637] [exthost] [info] ExtensionService#_doActivateExtension vscode.search-rg {"startup":true,"activationEvent":"*"}
[2018-10-15 12:48:49.637] [exthost] [info] ExtensionService#loadCommonJSModule /snap/vscode/63/usr/share/code/resources/app/extensions/search-rg/dist/extension
[2018-10-15 12:48:49.641] [exthost] [info] eager extensions activated
[2018-10-15 12:48:49.642] [exthost] [info] ExtensionService#_doActivateExtension vscode.typescript-language-features {"startup":false,"activationEvent":"onLanguage:javascript"}
[2018-10-15 12:48:49.642] [exthost] [info] ExtensionService#loadCommonJSModule /snap/vscode/63/usr/share/code/resources/app/extensions/typescript-language-features/dist/extension
[2018-10-15 12:49:11.759] [exthost] [info] ExtensionService#_doActivateExtension vscode.configuration-editing {"startup":false,"activationEvent":"onLanguage:jsonc"}
[2018-10-15 12:49:11.759] [exthost] [info] ExtensionService#loadCommonJSModule /snap/vscode/63/usr/share/code/resources/app/extensions/configuration-editing/dist/extension
[2018-10-15 12:49:11.764] [exthost] [info] ExtensionService#_doActivateExtension vscode.json-language-features {"startup":false,"activationEvent":"onLanguage:jsonc"}
[2018-10-15 12:49:11.764] [exthost] [info] ExtensionService#loadCommonJSModule /snap/vscode/63/usr/share/code/resources/app/extensions/json-language-features/client/dist/jsonMain
[2018-10-15 12:50:44.184] [exthost] [info] extension host started
[2018-10-15 12:50:44.199] [exthost] [info] ExtensionService#_doActivateExtension vscode.debug-auto-launch {"startup":true,"activationEvent":"*"}
[2018-10-15 12:50:44.199] [exthost] [info] ExtensionService#loadCommonJSModule /snap/vscode/63/usr/share/code/resources/app/extensions/debug-auto-launch/dist/extension
[2018-10-15 12:50:44.204] [exthost] [info] ExtensionService#_doActivateExtension vscode.emmet {"startup":true,"activationEvent":"*"}
[2018-10-15 12:50:44.204] [exthost] [info] ExtensionService#loadCommonJSModule /snap/vscode/63/usr/share/code/resources/app/extensions/emmet/dist/extension
[2018-10-15 12:50:44.230] [exthost] [info] ExtensionService#_doActivateExtension vscode.git {"startup":true,"activationEvent":"*"}
[2018-10-15 12:50:44.230] [exthost] [info] ExtensionService#loadCommonJSModule /snap/vscode/63/usr/share/code/resources/app/extensions/git/dist/main
[2018-10-15 12:50:44.312] [exthost] [info] ExtensionService#_doActivateExtension vscode.merge-conflict {"startup":true,"activationEvent":"*"}
[2018-10-15 12:50:44.312] [exthost] [info] ExtensionService#loadCommonJSModule /snap/vscode/63/usr/share/code/resources/app/extensions/merge-conflict/dist/extension
[2018-10-15 12:50:44.317] [exthost] [info] ExtensionService#_doActivateExtension vscode.search-rg {"startup":true,"activationEvent":"*"}
[2018-10-15 12:50:44.317] [exthost] [info] ExtensionService#loadCommonJSModule /snap/vscode/63/usr/share/code/resources/app/extensions/search-rg/dist/extension
[2018-10-15 12:50:44.320] [exthost] [info] eager extensions activated
[2018-10-15 12:50:44.322] [exthost] [info] ExtensionService#_doActivateExtension vscode.typescript-language-features {"startup":false,"activationEvent":"onLanguage:javascript"}
[2018-10-15 12:50:44.322] [exthost] [info] ExtensionService#loadCommonJSModule /snap/vscode/63/usr/share/code/resources/app/extensions/typescript-language-features/dist/extension
[2018-10-15 12:51:03.467] [exthost] [info] ExtensionService#_doActivateExtension vscode.configuration-editing {"startup":false,"activationEvent":"onLanguage:jsonc"}
[2018-10-15 12:51:03.467] [exthost] [info] ExtensionService#loadCommonJSModule /snap/vscode/63/usr/share/code/resources/app/extensions/configuration-editing/dist/extension
[2018-10-15 12:51:03.473] [exthost] [info] ExtensionService#_doActivateExtension vscode.json-language-features {"startup":false,"activationEvent":"onLanguage:jsonc"}
[2018-10-15 12:51:03.473] [exthost] [info] ExtensionService#loadCommonJSModule /snap/vscode/63/usr/share/code/resources/app/extensions/json-language-features/client/dist/jsonMain
[2018-10-15 12:52:16.485] [exthost] [info] ExtensionService#_doActivateExtension ms-vscode.node-debug2 {"startup":false,"activationEvent":"onDebugInitialConfigurations"}
[2018-10-15 12:52:16.485] [exthost] [info] ExtensionService#loadCommonJSModule /snap/vscode/63/usr/share/code/resources/app/extensions/ms-vscode.node-debug2/out/src/extension
[2018-10-15 12:52:16.497] [exthost] [info] ExtensionService#_doActivateExtension ms-vscode.node-debug {"startup":false,"activationEvent":"onDebugInitialConfigurations"}
[2018-10-15 12:52:16.497] [exthost] [info] ExtensionService#loadCommonJSModule /snap/vscode/63/usr/share/code/resources/app/extensions/ms-vscode.node-debug/out/node/extension/extension.js
[2018-10-15 12:54:07.550] [exthost] [info] extension host started
[2018-10-15 12:54:07.569] [exthost] [info] ExtensionService#_doActivateExtension vscode.debug-auto-launch {"startup":true,"activationEvent":"*"}
[2018-10-15 12:54:07.569] [exthost] [info] ExtensionService#loadCommonJSModule /snap/vscode/63/usr/share/code/resources/app/extensions/debug-auto-launch/dist/extension
[2018-10-15 12:54:07.575] [exthost] [info] ExtensionService#_doActivateExtension vscode.emmet {"startup":true,"activationEvent":"*"}
[2018-10-15 12:54:07.575] [exthost] [info] ExtensionService#loadCommonJSModule /snap/vscode/63/usr/share/code/resources/app/extensions/emmet/dist/extension
[2018-10-15 12:54:07.599] [exthost] [info] ExtensionService#_doActivateExtension vscode.git {"startup":true,"activationEvent":"*"}
[2018-10-15 12:54:07.599] [exthost] [info] ExtensionService#loadCommonJSModule /snap/vscode/63/usr/share/code/resources/app/extensions/git/dist/main
[2018-10-15 12:54:07.679] [exthost] [info] ExtensionService#_doActivateExtension vscode.merge-conflict {"startup":true,"activationEvent":"*"}
[2018-10-15 12:54:07.679] [exthost] [info] ExtensionService#loadCommonJSModule /snap/vscode/63/usr/share/code/resources/app/extensions/merge-conflict/dist/extension
[2018-10-15 12:54:07.683] [exthost] [info] ExtensionService#_doActivateExtension vscode.search-rg {"startup":true,"activationEvent":"*"}
[2018-10-15 12:54:07.683] [exthost] [info] ExtensionService#loadCommonJSModule /snap/vscode/63/usr/share/code/resources/app/extensions/search-rg/dist/extension
[2018-10-15 12:54:07.686] [exthost] [info] ExtensionService#_doActivateExtension vscodevim.vim {"startup":true,"activationEvent":"*"}
[2018-10-15 12:54:07.686] [exthost] [info] ExtensionService#loadCommonJSModule /home/samantha/.vscode/extensions/vscodevim.vim-0.16.10/out/extension
[2018-10-15 12:54:07.888] [exthost] [info] eager extensions activated
[2018-10-15 12:54:07.901] [exthost] [info] ExtensionService#_doActivateExtension vscode.configuration-editing {"startup":false,"activationEvent":"onLanguage:jsonc"}
[2018-10-15 12:54:07.901] [exthost] [info] ExtensionService#loadCommonJSModule /snap/vscode/63/usr/share/code/resources/app/extensions/configuration-editing/dist/extension
[2018-10-15 12:54:07.906] [exthost] [info] ExtensionService#_doActivateExtension vscode.json-language-features {"startup":false,"activationEvent":"onLanguage:jsonc"}
[2018-10-15 12:54:07.906] [exthost] [info] ExtensionService#loadCommonJSModule /snap/vscode/63/usr/share/code/resources/app/extensions/json-language-features/client/dist/jsonMain
[2018-10-15 12:54:07.946] [exthost] [info] ExtensionService#_doActivateExtension vscode.typescript-language-features {"startup":false,"activationEvent":"onLanguage:jsonc"}
[2018-10-15 12:54:07.946] [exthost] [info] ExtensionService#loadCommonJSModule /snap/vscode/63/usr/share/code/resources/app/extensions/typescript-language-features/dist/extension
[2018-10-15 12:55:58.315] [exthost] [info] ExtensionService#_doActivateExtension jonsmithers.open-in-vim {"startup":false,"activationEvent":"onCommand:open-in-vim.open"}
[2018-10-15 12:55:58.315] [exthost] [info] ExtensionService#loadCommonJSModule /home/samantha/.vscode/extensions/jonsmithers.open-in-vim-0.4.2/extension
[2018-10-15 13:12:35.479] [exthost] [info] extension host started
[2018-10-15 13:12:35.492] [exthost] [info] ExtensionService#_doActivateExtension vscode.debug-auto-launch {"startup":true,"activationEvent":"*"}
[2018-10-15 13:12:35.492] [exthost] [info] ExtensionService#loadCommonJSModule /snap/vscode/63/usr/share/code/resources/app/extensions/debug-auto-launch/dist/extension
[2018-10-15 13:12:35.495] [exthost] [info] ExtensionService#_doActivateExtension vscode.emmet {"startup":true,"activationEvent":"*"}
[2018-10-15 13:12:35.495] [exthost] [info] ExtensionService#loadCommonJSModule /snap/vscode/63/usr/share/code/resources/app/extensions/emmet/dist/extension
[2018-10-15 13:12:35.519] [exthost] [info] ExtensionService#_doActivateExtension vscode.git {"startup":true,"activationEvent":"*"}
[2018-10-15 13:12:35.519] [exthost] [info] ExtensionService#loadCommonJSModule /snap/vscode/63/usr/share/code/resources/app/extensions/git/dist/main
[2018-10-15 13:12:35.601] [exthost] [info] ExtensionService#_doActivateExtension vscode.merge-conflict {"startup":true,"activationEvent":"*"}
[2018-10-15 13:12:35.601] [exthost] [info] ExtensionService#loadCommonJSModule /snap/vscode/63/usr/share/code/resources/app/extensions/merge-conflict/dist/extension
[2018-10-15 13:12:35.605] [exthost] [info] ExtensionService#_doActivateExtension vscode.search-rg {"startup":true,"activationEvent":"*"}
[2018-10-15 13:12:35.605] [exthost] [info] ExtensionService#loadCommonJSModule /snap/vscode/63/usr/share/code/resources/app/extensions/search-rg/dist/extension
[2018-10-15 13:12:35.609] [exthost] [info] ExtensionService#_doActivateExtension vscodevim.vim {"startup":true,"activationEvent":"*"}
[2018-10-15 13:12:35.609] [exthost] [info] ExtensionService#loadCommonJSModule /home/samantha/.vscode/extensions/vscodevim.vim-0.16.10/out/extension
[2018-10-15 13:12:35.809] [exthost] [info] eager extensions activated
[2018-10-15 13:12:35.824] [exthost] [info] ExtensionService#_doActivateExtension vscode.typescript-language-features {"startup":false,"activationEvent":"onLanguage:javascript"}
[2018-10-15 13:12:35.824] [exthost] [info] ExtensionService#loadCommonJSModule /snap/vscode/63/usr/share/code/resources/app/extensions/typescript-language-features/dist/extension
